28-Mar-2026 23:19:29.344 INFO [main] org.apache.catalina.startup.VersionLoggerListener.log Server version name:   Apache Tomcat/9.0.115
28-Mar-2026 23:19:29.348 INFO [main] org.apache.catalina.startup.VersionLoggerListener.log Server built:          Jan 21 2026 08:17:26 UTC
28-Mar-2026 23:19:29.348 INFO [main] org.apache.catalina.startup.VersionLoggerListener.log Server version number: 9.0.115.0
28-Mar-2026 23:19:29.349 INFO [main] org.apache.catalina.startup.VersionLoggerListener.log OS Name:               Windows 11
28-Mar-2026 23:19:29.349 INFO [main] org.apache.catalina.startup.VersionLoggerListener.log OS Version:            10.0
28-Mar-2026 23:19:29.349 INFO [main] org.apache.catalina.startup.VersionLoggerListener.log Architecture:          amd64
28-Mar-2026 23:19:29.349 INFO [main] org.apache.catalina.startup.VersionLoggerListener.log Java Home:             C:\Program Files\Java\jdk-24
28-Mar-2026 23:19:29.349 INFO [main] org.apache.catalina.startup.VersionLoggerListener.log JVM Version:           24.0.1+9-30
28-Mar-2026 23:19:29.349 INFO [main] org.apache.catalina.startup.VersionLoggerListener.log JVM Vendor:            Oracle Corporation
28-Mar-2026 23:19:29.349 INFO [main] org.apache.catalina.startup.VersionLoggerListener.log CATALINA_BASE:         D:\web-technology\ex-5\apache-tomcat-9.0.115-windows-x64\apache-tomcat-9.0.115
28-Mar-2026 23:19:29.351 INFO [main] org.apache.catalina.startup.VersionLoggerListener.log CATALINA_HOME:         D:\web-technology\ex-5\apache-tomcat-9.0.115-windows-x64\apache-tomcat-9.0.115
28-Mar-2026 23:19:29.368 INFO [main] org.apache.catalina.startup.VersionLoggerListener.log Command line argument: --add-opens=java.base/java.lang=ALL-UNNAMED
28-Mar-2026 23:19:29.368 INFO [main] org.apache.catalina.startup.VersionLoggerListener.log Command line argument: --add-opens=java.base/java.lang.invoke=ALL-UNNAMED
28-Mar-2026 23:19:29.369 INFO [main] org.apache.catalina.startup.VersionLoggerListener.log Command line argument: --add-opens=java.base/java.lang.reflect=ALL-UNNAMED
28-Mar-2026 23:19:29.369 INFO [main] org.apache.catalina.startup.VersionLoggerListener.log Command line argument: --add-opens=java.base/java.io=ALL-UNNAMED
28-Mar-2026 23:19:29.369 INFO [main] org.apache.catalina.startup.VersionLoggerListener.log Command line argument: --add-opens=java.base/java.util=ALL-UNNAMED
28-Mar-2026 23:19:29.369 INFO [main] org.apache.catalina.startup.VersionLoggerListener.log Command line argument: --add-opens=java.base/java.util.concurrent=ALL-UNNAMED
28-Mar-2026 23:19:29.369 INFO [main] org.apache.catalina.startup.VersionLoggerListener.log Command line argument: --add-opens=java.rmi/sun.rmi.transport=ALL-UNNAMED
28-Mar-2026 23:19:29.369 INFO [main] org.apache.catalina.startup.VersionLoggerListener.log Command line argument: -Djava.util.logging.config.file=D:\web-technology\ex-5\apache-tomcat-9.0.115-windows-x64\apache-tomcat-9.0.115\conf\logging.properties
28-Mar-2026 23:19:29.371 INFO [main] org.apache.catalina.startup.VersionLoggerListener.log Command line argument: -Djava.util.logging.manager=org.apache.juli.ClassLoaderLogManager
28-Mar-2026 23:19:29.371 INFO [main] org.apache.catalina.startup.VersionLoggerListener.log Command line argument: -Djdk.tls.ephemeralDHKeySize=2048
28-Mar-2026 23:19:29.371 INFO [main] org.apache.catalina.startup.VersionLoggerListener.log Command line argument: -Djava.protocol.handler.pkgs=org.apache.catalina.webresources
28-Mar-2026 23:19:29.371 INFO [main] org.apache.catalina.startup.VersionLoggerListener.log Command line argument: -Dsun.io.useCanonCaches=false
28-Mar-2026 23:19:29.371 INFO [main] org.apache.catalina.startup.VersionLoggerListener.log Command line argument: -Dignore.endorsed.dirs=
28-Mar-2026 23:19:29.371 INFO [main] org.apache.catalina.startup.VersionLoggerListener.log Command line argument: -Dcatalina.base=D:\web-technology\ex-5\apache-tomcat-9.0.115-windows-x64\apache-tomcat-9.0.115
28-Mar-2026 23:19:29.371 INFO [main] org.apache.catalina.startup.VersionLoggerListener.log Command line argument: -Dcatalina.home=D:\web-technology\ex-5\apache-tomcat-9.0.115-windows-x64\apache-tomcat-9.0.115
28-Mar-2026 23:19:29.372 INFO [main] org.apache.catalina.startup.VersionLoggerListener.log Command line argument: -Djava.io.tmpdir=D:\web-technology\ex-5\apache-tomcat-9.0.115-windows-x64\apache-tomcat-9.0.115\temp
28-Mar-2026 23:19:29.399 INFO [main] org.apache.catalina.core.AprLifecycleListener.lifecycleEvent Loaded Apache Tomcat Native library [1.3.5] using APR version [1.7.6].
28-Mar-2026 23:19:29.399 INFO [main] org.apache.catalina.core.AprLifecycleListener.lifecycleEvent APR capabilities: IPv6 [true], sendfile [true], accept filters [false], random [true], UDS [true].
28-Mar-2026 23:19:29.399 INFO [main] org.apache.catalina.core.AprLifecycleListener.lifecycleEvent APR/OpenSSL configuration: useAprConnector [false], useOpenSSL [true]
28-Mar-2026 23:19:29.410 INFO [main] org.apache.catalina.core.AprLifecycleListener.initializeSSL OpenSSL successfully initialized [OpenSSL 3.0.18 30 Sep 2025]
28-Mar-2026 23:19:29.858 INFO [main] org.apache.coyote.AbstractProtocol.init Initializing ProtocolHandler ["http-nio-8080"]
28-Mar-2026 23:19:29.895 INFO [main] org.apache.catalina.startup.Catalina.load Server initialization in [872] milliseconds
28-Mar-2026 23:19:29.964 INFO [main] org.apache.catalina.core.StandardService.startInternal Starting service [Catalina]
28-Mar-2026 23:19:29.964 INFO [main] org.apache.catalina.core.StandardEngine.startInternal Starting Servlet engine: [Apache Tomcat/9.0.115]
28-Mar-2026 23:19:29.974 INFO [main] org.apache.catalina.startup.HostConfig.deployDirectory Deploying web application directory [D:\web-technology\ex-5\apache-tomcat-9.0.115-windows-x64\apache-tomcat-9.0.115\webapps\docs]
28-Mar-2026 23:19:30.437 INFO [main] org.apache.catalina.startup.HostConfig.deployDirectory Deployment of web application directory [D:\web-technology\ex-5\apache-tomcat-9.0.115-windows-x64\apache-tomcat-9.0.115\webapps\docs] has finished in [460] ms
28-Mar-2026 23:19:30.437 INFO [main] org.apache.catalina.startup.HostConfig.deployDirectory Deploying web application directory [D:\web-technology\ex-5\apache-tomcat-9.0.115-windows-x64\apache-tomcat-9.0.115\webapps\EventRegistration]
28-Mar-2026 23:19:30.533 INFO [main] org.apache.catalina.startup.HostConfig.deployDirectory Deployment of web application directory [D:\web-technology\ex-5\apache-tomcat-9.0.115-windows-x64\apache-tomcat-9.0.115\webapps\EventRegistration] has finished in [96] ms
28-Mar-2026 23:19:30.534 INFO [main] org.apache.catalina.startup.HostConfig.deployDirectory Deploying web application directory [D:\web-technology\ex-5\apache-tomcat-9.0.115-windows-x64\apache-tomcat-9.0.115\webapps\examples]
28-Mar-2026 23:19:31.383 INFO [main] org.apache.catalina.startup.HostConfig.deployDirectory Deployment of web application directory [D:\web-technology\ex-5\apache-tomcat-9.0.115-windows-x64\apache-tomcat-9.0.115\webapps\examples] has finished in [850] ms
28-Mar-2026 23:19:31.383 INFO [main] org.apache.catalina.startup.HostConfig.deployDirectory Deploying web application directory [D:\web-technology\ex-5\apache-tomcat-9.0.115-windows-x64\apache-tomcat-9.0.115\webapps\host-manager]
28-Mar-2026 23:19:31.420 INFO [main] org.apache.catalina.startup.HostConfig.deployDirectory Deployment of web application directory [D:\web-technology\ex-5\apache-tomcat-9.0.115-windows-x64\apache-tomcat-9.0.115\webapps\host-manager] has finished in [37] ms
28-Mar-2026 23:19:31.420 INFO [main] org.apache.catalina.startup.HostConfig.deployDirectory Deploying web application directory [D:\web-technology\ex-5\apache-tomcat-9.0.115-windows-x64\apache-tomcat-9.0.115\webapps\JobApplication]
28-Mar-2026 23:19:31.450 INFO [main] org.apache.catalina.startup.HostConfig.deployDirectory Deployment of web application directory [D:\web-technology\ex-5\apache-tomcat-9.0.115-windows-x64\apache-tomcat-9.0.115\webapps\JobApplication] has finished in [30] ms
28-Mar-2026 23:19:31.450 INFO [main] org.apache.catalina.startup.HostConfig.deployDirectory Deploying web application directory [D:\web-technology\ex-5\apache-tomcat-9.0.115-windows-x64\apache-tomcat-9.0.115\webapps\manager]
28-Mar-2026 23:19:31.504 INFO [main] org.apache.catalina.startup.HostConfig.deployDirectory Deployment of web application directory [D:\web-technology\ex-5\apache-tomcat-9.0.115-windows-x64\apache-tomcat-9.0.115\webapps\manager] has finished in [53] ms
28-Mar-2026 23:19:31.504 INFO [main] org.apache.catalina.startup.HostConfig.deployDirectory Deploying web application directory [D:\web-technology\ex-5\apache-tomcat-9.0.115-windows-x64\apache-tomcat-9.0.115\webapps\ROOT]
28-Mar-2026 23:19:31.529 INFO [main] org.apache.catalina.startup.HostConfig.deployDirectory Deployment of web application directory [D:\web-technology\ex-5\apache-tomcat-9.0.115-windows-x64\apache-tomcat-9.0.115\webapps\ROOT] has finished in [24] ms
28-Mar-2026 23:19:31.529 INFO [main] org.apache.catalina.startup.HostConfig.deployDirectory Deploying web application directory [D:\web-technology\ex-5\apache-tomcat-9.0.115-windows-x64\apache-tomcat-9.0.115\webapps\ShopcartCookie]
28-Mar-2026 23:19:31.567 INFO [main] org.apache.catalina.startup.HostConfig.deployDirectory Deployment of web application directory [D:\web-technology\ex-5\apache-tomcat-9.0.115-windows-x64\apache-tomcat-9.0.115\webapps\ShopcartCookie] has finished in [38] ms
28-Mar-2026 23:19:31.570 INFO [main] org.apache.coyote.AbstractProtocol.start Starting ProtocolHandler ["http-nio-8080"]
28-Mar-2026 23:19:31.602 INFO [main] org.apache.catalina.startup.Catalina.start Server startup in [1705] milliseconds
28-Mar-2026 23:34:26.626 INFO [Thread-1] org.apache.coyote.AbstractProtocol.pause Pausing ProtocolHandler ["http-nio-8080"]
28-Mar-2026 23:34:26.634 INFO [Thread-1] org.apache.catalina.core.StandardService.stopInternal Stopping service [Catalina]
28-Mar-2026 23:34:26.657 INFO [Thread-1] org.apache.coyote.AbstractProtocol.stop Stopping ProtocolHandler ["http-nio-8080"]
28-Mar-2026 23:34:26.667 INFO [Thread-1] org.apache.coyote.AbstractProtocol.destroy Destroying ProtocolHandler ["http-nio-8080"]
28-Mar-2026 23:34:33.818 INFO [main] org.apache.catalina.startup.VersionLoggerListener.log Server version name:   Apache Tomcat/9.0.115
28-Mar-2026 23:34:33.820 INFO [main] org.apache.catalina.startup.VersionLoggerListener.log Server built:          Jan 21 2026 08:17:26 UTC
28-Mar-2026 23:34:33.821 INFO [main] org.apache.catalina.startup.VersionLoggerListener.log Server version number: 9.0.115.0
28-Mar-2026 23:34:33.821 INFO [main] org.apache.catalina.startup.VersionLoggerListener.log OS Name:               Windows 11
28-Mar-2026 23:34:33.821 INFO [main] org.apache.catalina.startup.VersionLoggerListener.log OS Version:            10.0
28-Mar-2026 23:34:33.821 INFO [main] org.apache.catalina.startup.VersionLoggerListener.log Architecture:          amd64
28-Mar-2026 23:34:33.821 INFO [main] org.apache.catalina.startup.VersionLoggerListener.log Java Home:             C:\Program Files\Java\jdk-24
28-Mar-2026 23:34:33.822 INFO [main] org.apache.catalina.startup.VersionLoggerListener.log JVM Version:           24.0.1+9-30
28-Mar-2026 23:34:33.822 INFO [main] org.apache.catalina.startup.VersionLoggerListener.log JVM Vendor:            Oracle Corporation
28-Mar-2026 23:34:33.822 INFO [main] org.apache.catalina.startup.VersionLoggerListener.log CATALINA_BASE:         D:\web-technology\ex-5\apache-tomcat-9.0.115-windows-x64\apache-tomcat-9.0.115
28-Mar-2026 23:34:33.822 INFO [main] org.apache.catalina.startup.VersionLoggerListener.log CATALINA_HOME:         D:\web-technology\ex-5\apache-tomcat-9.0.115-windows-x64\apache-tomcat-9.0.115
28-Mar-2026 23:34:33.829 INFO [main] org.apache.catalina.startup.VersionLoggerListener.log Command line argument: --add-opens=java.base/java.lang=ALL-UNNAMED
28-Mar-2026 23:34:33.829 INFO [main] org.apache.catalina.startup.VersionLoggerListener.log Command line argument: --add-opens=java.base/java.lang.invoke=ALL-UNNAMED
28-Mar-2026 23:34:33.829 INFO [main] org.apache.catalina.startup.VersionLoggerListener.log Command line argument: --add-opens=java.base/java.lang.reflect=ALL-UNNAMED
28-Mar-2026 23:34:33.830 INFO [main] org.apache.catalina.startup.VersionLoggerListener.log Command line argument: --add-opens=java.base/java.io=ALL-UNNAMED
28-Mar-2026 23:34:33.830 INFO [main] org.apache.catalina.startup.VersionLoggerListener.log Command line argument: --add-opens=java.base/java.util=ALL-UNNAMED
28-Mar-2026 23:34:33.830 INFO [main] org.apache.catalina.startup.VersionLoggerListener.log Command line argument: --add-opens=java.base/java.util.concurrent=ALL-UNNAMED
28-Mar-2026 23:34:33.830 INFO [main] org.apache.catalina.startup.VersionLoggerListener.log Command line argument: --add-opens=java.rmi/sun.rmi.transport=ALL-UNNAMED
28-Mar-2026 23:34:33.830 INFO [main] org.apache.catalina.startup.VersionLoggerListener.log Command line argument: -Djava.util.logging.config.file=D:\web-technology\ex-5\apache-tomcat-9.0.115-windows-x64\apache-tomcat-9.0.115\conf\logging.properties
28-Mar-2026 23:34:33.830 INFO [main] org.apache.catalina.startup.VersionLoggerListener.log Command line argument: -Djava.util.logging.manager=org.apache.juli.ClassLoaderLogManager
28-Mar-2026 23:34:33.830 INFO [main] org.apache.catalina.startup.VersionLoggerListener.log Command line argument: -Djdk.tls.ephemeralDHKeySize=2048
28-Mar-2026 23:34:33.830 INFO [main] org.apache.catalina.startup.VersionLoggerListener.log Command line argument: -Djava.protocol.handler.pkgs=org.apache.catalina.webresources
28-Mar-2026 23:34:33.830 INFO [main] org.apache.catalina.startup.VersionLoggerListener.log Command line argument: -Dsun.io.useCanonCaches=false
28-Mar-2026 23:34:33.830 INFO [main] org.apache.catalina.startup.VersionLoggerListener.log Command line argument: -Dignore.endorsed.dirs=
28-Mar-2026 23:34:33.831 INFO [main] org.apache.catalina.startup.VersionLoggerListener.log Command line argument: -Dcatalina.base=D:\web-technology\ex-5\apache-tomcat-9.0.115-windows-x64\apache-tomcat-9.0.115
28-Mar-2026 23:34:33.831 INFO [main] org.apache.catalina.startup.VersionLoggerListener.log Command line argument: -Dcatalina.home=D:\web-technology\ex-5\apache-tomcat-9.0.115-windows-x64\apache-tomcat-9.0.115
28-Mar-2026 23:34:33.831 INFO [main] org.apache.catalina.startup.VersionLoggerListener.log Command line argument: -Djava.io.tmpdir=D:\web-technology\ex-5\apache-tomcat-9.0.115-windows-x64\apache-tomcat-9.0.115\temp
28-Mar-2026 23:34:33.836 INFO [main] org.apache.catalina.core.AprLifecycleListener.lifecycleEvent Loaded Apache Tomcat Native library [1.3.5] using APR version [1.7.6].
28-Mar-2026 23:34:33.837 INFO [main] org.apache.catalina.core.AprLifecycleListener.lifecycleEvent APR capabilities: IPv6 [true], sendfile [true], accept filters [false], random [true], UDS [true].
28-Mar-2026 23:34:33.837 INFO [main] org.apache.catalina.core.AprLifecycleListener.lifecycleEvent APR/OpenSSL configuration: useAprConnector [false], useOpenSSL [true]
28-Mar-2026 23:34:33.845 INFO [main] org.apache.catalina.core.AprLifecycleListener.initializeSSL OpenSSL successfully initialized [OpenSSL 3.0.18 30 Sep 2025]
28-Mar-2026 23:34:34.137 INFO [main] org.apache.coyote.AbstractProtocol.init Initializing ProtocolHandler ["http-nio-8080"]
28-Mar-2026 23:34:34.160 INFO [main] org.apache.catalina.startup.Catalina.load Server initialization in [540] milliseconds
28-Mar-2026 23:34:34.210 INFO [main] org.apache.catalina.core.StandardService.startInternal Starting service [Catalina]
28-Mar-2026 23:34:34.211 INFO [main] org.apache.catalina.core.StandardEngine.startInternal Starting Servlet engine: [Apache Tomcat/9.0.115]
28-Mar-2026 23:34:34.220 INFO [main] org.apache.catalina.startup.HostConfig.deployDirectory Deploying web application directory [D:\web-technology\ex-5\apache-tomcat-9.0.115-windows-x64\apache-tomcat-9.0.115\webapps\docs]
28-Mar-2026 23:34:34.510 INFO [main] org.apache.catalina.startup.HostConfig.deployDirectory Deployment of web application directory [D:\web-technology\ex-5\apache-tomcat-9.0.115-windows-x64\apache-tomcat-9.0.115\webapps\docs] has finished in [288] ms
28-Mar-2026 23:34:34.510 INFO [main] org.apache.catalina.startup.HostConfig.deployDirectory Deploying web application directory [D:\web-technology\ex-5\apache-tomcat-9.0.115-windows-x64\apache-tomcat-9.0.115\webapps\EventRegistration]
28-Mar-2026 23:34:34.566 INFO [main] org.apache.catalina.startup.HostConfig.deployDirectory Deployment of web application directory [D:\web-technology\ex-5\apache-tomcat-9.0.115-windows-x64\apache-tomcat-9.0.115\webapps\EventRegistration] has finished in [56] ms
28-Mar-2026 23:34:34.567 INFO [main] org.apache.catalina.startup.HostConfig.deployDirectory Deploying web application directory [D:\web-technology\ex-5\apache-tomcat-9.0.115-windows-x64\apache-tomcat-9.0.115\webapps\examples]
28-Mar-2026 23:34:34.907 INFO [main] org.apache.catalina.startup.HostConfig.deployDirectory Deployment of web application directory [D:\web-technology\ex-5\apache-tomcat-9.0.115-windows-x64\apache-tomcat-9.0.115\webapps\examples] has finished in [340] ms
28-Mar-2026 23:34:34.908 INFO [main] org.apache.catalina.startup.HostConfig.deployDirectory Deploying web application directory [D:\web-technology\ex-5\apache-tomcat-9.0.115-windows-x64\apache-tomcat-9.0.115\webapps\host-manager]
28-Mar-2026 23:34:34.939 INFO [main] org.apache.catalina.startup.HostConfig.deployDirectory Deployment of web application directory [D:\web-technology\ex-5\apache-tomcat-9.0.115-windows-x64\apache-tomcat-9.0.115\webapps\host-manager] has finished in [31] ms
28-Mar-2026 23:34:34.940 INFO [main] org.apache.catalina.startup.HostConfig.deployDirectory Deploying web application directory [D:\web-technology\ex-5\apache-tomcat-9.0.115-windows-x64\apache-tomcat-9.0.115\webapps\JobApplication]
28-Mar-2026 23:34:34.961 INFO [main] org.apache.catalina.startup.HostConfig.deployDirectory Deployment of web application directory [D:\web-technology\ex-5\apache-tomcat-9.0.115-windows-x64\apache-tomcat-9.0.115\webapps\JobApplication] has finished in [20] ms
28-Mar-2026 23:34:34.961 INFO [main] org.apache.catalina.startup.HostConfig.deployDirectory Deploying web application directory [D:\web-technology\ex-5\apache-tomcat-9.0.115-windows-x64\apache-tomcat-9.0.115\webapps\manager]
28-Mar-2026 23:34:34.988 INFO [main] org.apache.catalina.startup.HostConfig.deployDirectory Deployment of web application directory [D:\web-technology\ex-5\apache-tomcat-9.0.115-windows-x64\apache-tomcat-9.0.115\webapps\manager] has finished in [27] ms
28-Mar-2026 23:34:34.989 INFO [main] org.apache.catalina.startup.HostConfig.deployDirectory Deploying web application directory [D:\web-technology\ex-5\apache-tomcat-9.0.115-windows-x64\apache-tomcat-9.0.115\webapps\ROOT]
28-Mar-2026 23:34:35.010 INFO [main] org.apache.catalina.startup.HostConfig.deployDirectory Deployment of web application directory [D:\web-technology\ex-5\apache-tomcat-9.0.115-windows-x64\apache-tomcat-9.0.115\webapps\ROOT] has finished in [20] ms
28-Mar-2026 23:34:35.010 INFO [main] org.apache.catalina.startup.HostConfig.deployDirectory Deploying web application directory [D:\web-technology\ex-5\apache-tomcat-9.0.115-windows-x64\apache-tomcat-9.0.115\webapps\ShopcartCookie]
28-Mar-2026 23:34:35.040 INFO [main] org.apache.catalina.startup.HostConfig.deployDirectory Deployment of web application directory [D:\web-technology\ex-5\apache-tomcat-9.0.115-windows-x64\apache-tomcat-9.0.115\webapps\ShopcartCookie] has finished in [30] ms
28-Mar-2026 23:34:35.043 INFO [main] org.apache.coyote.AbstractProtocol.start Starting ProtocolHandler ["http-nio-8080"]
28-Mar-2026 23:34:35.065 INFO [main] org.apache.catalina.startup.Catalina.start Server startup in [902] milliseconds
28-Mar-2026 23:44:23.765 INFO [main] org.apache.catalina.startup.VersionLoggerListener.log Server version name:   Apache Tomcat/9.0.115
28-Mar-2026 23:44:23.769 INFO [main] org.apache.catalina.startup.VersionLoggerListener.log Server built:          Jan 21 2026 08:17:26 UTC
28-Mar-2026 23:44:23.769 INFO [main] org.apache.catalina.startup.VersionLoggerListener.log Server version number: 9.0.115.0
28-Mar-2026 23:44:23.769 INFO [main] org.apache.catalina.startup.VersionLoggerListener.log OS Name:               Windows 11
28-Mar-2026 23:44:23.769 INFO [main] org.apache.catalina.startup.VersionLoggerListener.log OS Version:            10.0
28-Mar-2026 23:44:23.770 INFO [main] org.apache.catalina.startup.VersionLoggerListener.log Architecture:          amd64
28-Mar-2026 23:44:23.770 INFO [main] org.apache.catalina.startup.VersionLoggerListener.log Java Home:             C:\Program Files\Java\jdk-24
28-Mar-2026 23:44:23.770 INFO [main] org.apache.catalina.startup.VersionLoggerListener.log JVM Version:           24.0.1+9-30
28-Mar-2026 23:44:23.770 INFO [main] org.apache.catalina.startup.VersionLoggerListener.log JVM Vendor:            Oracle Corporation
28-Mar-2026 23:44:23.770 INFO [main] org.apache.catalina.startup.VersionLoggerListener.log CATALINA_BASE:         D:\web-technology\ex-5\apache-tomcat-9.0.115-windows-x64\apache-tomcat-9.0.115
28-Mar-2026 23:44:23.770 INFO [main] org.apache.catalina.startup.VersionLoggerListener.log CATALINA_HOME:         D:\web-technology\ex-5\apache-tomcat-9.0.115-windows-x64\apache-tomcat-9.0.115
28-Mar-2026 23:44:23.777 INFO [main] org.apache.catalina.startup.VersionLoggerListener.log Command line argument: --add-opens=java.base/java.lang=ALL-UNNAMED
28-Mar-2026 23:44:23.777 INFO [main] org.apache.catalina.startup.VersionLoggerListener.log Command line argument: --add-opens=java.base/java.lang.invoke=ALL-UNNAMED
28-Mar-2026 23:44:23.777 INFO [main] org.apache.catalina.startup.VersionLoggerListener.log Command line argument: --add-opens=java.base/java.lang.reflect=ALL-UNNAMED
28-Mar-2026 23:44:23.777 INFO [main] org.apache.catalina.startup.VersionLoggerListener.log Command line argument: --add-opens=java.base/java.io=ALL-UNNAMED
28-Mar-2026 23:44:23.777 INFO [main] org.apache.catalina.startup.VersionLoggerListener.log Command line argument: --add-opens=java.base/java.util=ALL-UNNAMED
28-Mar-2026 23:44:23.778 INFO [main] org.apache.catalina.startup.VersionLoggerListener.log Command line argument: --add-opens=java.base/java.util.concurrent=ALL-UNNAMED
28-Mar-2026 23:44:23.778 INFO [main] org.apache.catalina.startup.VersionLoggerListener.log Command line argument: --add-opens=java.rmi/sun.rmi.transport=ALL-UNNAMED
28-Mar-2026 23:44:23.778 INFO [main] org.apache.catalina.startup.VersionLoggerListener.log Command line argument: -Djava.util.logging.config.file=D:\web-technology\ex-5\apache-tomcat-9.0.115-windows-x64\apache-tomcat-9.0.115\conf\logging.properties
28-Mar-2026 23:44:23.778 INFO [main] org.apache.catalina.startup.VersionLoggerListener.log Command line argument: -Djava.util.logging.manager=org.apache.juli.ClassLoaderLogManager
28-Mar-2026 23:44:23.778 INFO [main] org.apache.catalina.startup.VersionLoggerListener.log Command line argument: -Djdk.tls.ephemeralDHKeySize=2048
28-Mar-2026 23:44:23.778 INFO [main] org.apache.catalina.startup.VersionLoggerListener.log Command line argument: -Djava.protocol.handler.pkgs=org.apache.catalina.webresources
28-Mar-2026 23:44:23.779 INFO [main] org.apache.catalina.startup.VersionLoggerListener.log Command line argument: -Dsun.io.useCanonCaches=false
28-Mar-2026 23:44:23.779 INFO [main] org.apache.catalina.startup.VersionLoggerListener.log Command line argument: -Dignore.endorsed.dirs=
28-Mar-2026 23:44:23.779 INFO [main] org.apache.catalina.startup.VersionLoggerListener.log Command line argument: -Dcatalina.base=D:\web-technology\ex-5\apache-tomcat-9.0.115-windows-x64\apache-tomcat-9.0.115
28-Mar-2026 23:44:23.779 INFO [main] org.apache.catalina.startup.VersionLoggerListener.log Command line argument: -Dcatalina.home=D:\web-technology\ex-5\apache-tomcat-9.0.115-windows-x64\apache-tomcat-9.0.115
28-Mar-2026 23:44:23.779 INFO [main] org.apache.catalina.startup.VersionLoggerListener.log Command line argument: -Djava.io.tmpdir=D:\web-technology\ex-5\apache-tomcat-9.0.115-windows-x64\apache-tomcat-9.0.115\temp
28-Mar-2026 23:44:23.785 INFO [main] org.apache.catalina.core.AprLifecycleListener.lifecycleEvent Loaded Apache Tomcat Native library [1.3.5] using APR version [1.7.6].
28-Mar-2026 23:44:23.785 INFO [main] org.apache.catalina.core.AprLifecycleListener.lifecycleEvent APR capabilities: IPv6 [true], sendfile [true], accept filters [false], random [true], UDS [true].
28-Mar-2026 23:44:23.786 INFO [main] org.apache.catalina.core.AprLifecycleListener.lifecycleEvent APR/OpenSSL configuration: useAprConnector [false], useOpenSSL [true]
28-Mar-2026 23:44:23.794 INFO [main] org.apache.catalina.core.AprLifecycleListener.initializeSSL OpenSSL successfully initialized [OpenSSL 3.0.18 30 Sep 2025]
28-Mar-2026 23:44:24.086 INFO [main] org.apache.coyote.AbstractProtocol.init Initializing ProtocolHandler ["http-nio-8080"]
28-Mar-2026 23:44:24.108 INFO [main] org.apache.catalina.startup.Catalina.load Server initialization in [538] milliseconds
28-Mar-2026 23:44:24.158 INFO [main] org.apache.catalina.core.StandardService.startInternal Starting service [Catalina]
28-Mar-2026 23:44:24.159 INFO [main] org.apache.catalina.core.StandardEngine.startInternal Starting Servlet engine: [Apache Tomcat/9.0.115]
28-Mar-2026 23:44:24.167 INFO [main] org.apache.catalina.startup.HostConfig.deployDirectory Deploying web application directory [D:\web-technology\ex-5\apache-tomcat-9.0.115-windows-x64\apache-tomcat-9.0.115\webapps\docs]
28-Mar-2026 23:44:24.444 INFO [main] org.apache.catalina.startup.HostConfig.deployDirectory Deployment of web application directory [D:\web-technology\ex-5\apache-tomcat-9.0.115-windows-x64\apache-tomcat-9.0.115\webapps\docs] has finished in [276] ms
28-Mar-2026 23:44:24.444 INFO [main] org.apache.catalina.startup.HostConfig.deployDirectory Deploying web application directory [D:\web-technology\ex-5\apache-tomcat-9.0.115-windows-x64\apache-tomcat-9.0.115\webapps\EventRegistration]
28-Mar-2026 23:44:24.497 INFO [main] org.apache.catalina.startup.HostConfig.deployDirectory Deployment of web application directory [D:\web-technology\ex-5\apache-tomcat-9.0.115-windows-x64\apache-tomcat-9.0.115\webapps\EventRegistration] has finished in [53] ms
28-Mar-2026 23:44:24.498 INFO [main] org.apache.catalina.startup.HostConfig.deployDirectory Deploying web application directory [D:\web-technology\ex-5\apache-tomcat-9.0.115-windows-x64\apache-tomcat-9.0.115\webapps\examples]
28-Mar-2026 23:44:24.818 INFO [main] org.apache.catalina.startup.HostConfig.deployDirectory Deployment of web application directory [D:\web-technology\ex-5\apache-tomcat-9.0.115-windows-x64\apache-tomcat-9.0.115\webapps\examples] has finished in [320] ms
28-Mar-2026 23:44:24.818 INFO [main] org.apache.catalina.startup.HostConfig.deployDirectory Deploying web application directory [D:\web-technology\ex-5\apache-tomcat-9.0.115-windows-x64\apache-tomcat-9.0.115\webapps\host-manager]
28-Mar-2026 23:44:24.851 INFO [main] org.apache.catalina.startup.HostConfig.deployDirectory Deployment of web application directory [D:\web-technology\ex-5\apache-tomcat-9.0.115-windows-x64\apache-tomcat-9.0.115\webapps\host-manager] has finished in [32] ms
28-Mar-2026 23:44:24.851 INFO [main] org.apache.catalina.startup.HostConfig.deployDirectory Deploying web application directory [D:\web-technology\ex-5\apache-tomcat-9.0.115-windows-x64\apache-tomcat-9.0.115\webapps\JobApplication]
28-Mar-2026 23:44:24.874 INFO [main] org.apache.catalina.startup.HostConfig.deployDirectory Deployment of web application directory [D:\web-technology\ex-5\apache-tomcat-9.0.115-windows-x64\apache-tomcat-9.0.115\webapps\JobApplication] has finished in [23] ms
28-Mar-2026 23:44:24.874 INFO [main] org.apache.catalina.startup.HostConfig.deployDirectory Deploying web application directory [D:\web-technology\ex-5\apache-tomcat-9.0.115-windows-x64\apache-tomcat-9.0.115\webapps\manager]
28-Mar-2026 23:44:24.902 INFO [main] org.apache.catalina.startup.HostConfig.deployDirectory Deployment of web application directory [D:\web-technology\ex-5\apache-tomcat-9.0.115-windows-x64\apache-tomcat-9.0.115\webapps\manager] has finished in [28] ms
28-Mar-2026 23:44:24.903 INFO [main] org.apache.catalina.startup.HostConfig.deployDirectory Deploying web application directory [D:\web-technology\ex-5\apache-tomcat-9.0.115-windows-x64\apache-tomcat-9.0.115\webapps\ROOT]
28-Mar-2026 23:44:24.924 INFO [main] org.apache.catalina.startup.HostConfig.deployDirectory Deployment of web application directory [D:\web-technology\ex-5\apache-tomcat-9.0.115-windows-x64\apache-tomcat-9.0.115\webapps\ROOT] has finished in [21] ms
28-Mar-2026 23:44:24.925 INFO [main] org.apache.catalina.startup.HostConfig.deployDirectory Deploying web application directory [D:\web-technology\ex-5\apache-tomcat-9.0.115-windows-x64\apache-tomcat-9.0.115\webapps\ShopcartCookie]
28-Mar-2026 23:44:24.952 INFO [main] org.apache.catalina.startup.HostConfig.deployDirectory Deployment of web application directory [D:\web-technology\ex-5\apache-tomcat-9.0.115-windows-x64\apache-tomcat-9.0.115\webapps\ShopcartCookie] has finished in [27] ms
28-Mar-2026 23:44:24.956 INFO [main] org.apache.coyote.AbstractProtocol.start Starting ProtocolHandler ["http-nio-8080"]
28-Mar-2026 23:44:24.977 INFO [main] org.apache.catalina.startup.Catalina.start Server startup in [868] milliseconds
