11-May-2026 16:43:11.679 INFO [main] org.apache.catalina.startup.VersionLoggerListener.log Server version name:   Apache Tomcat/9.0.115
11-May-2026 16:43:11.684 INFO [main] org.apache.catalina.startup.VersionLoggerListener.log Server built:          Jan 21 2026 08:17:26 UTC
11-May-2026 16:43:11.684 INFO [main] org.apache.catalina.startup.VersionLoggerListener.log Server version number: 9.0.115.0
11-May-2026 16:43:11.685 INFO [main] org.apache.catalina.startup.VersionLoggerListener.log OS Name:               Windows 11
11-May-2026 16:43:11.685 INFO [main] org.apache.catalina.startup.VersionLoggerListener.log OS Version:            10.0
11-May-2026 16:43:11.685 INFO [main] org.apache.catalina.startup.VersionLoggerListener.log Architecture:          amd64
11-May-2026 16:43:11.685 INFO [main] org.apache.catalina.startup.VersionLoggerListener.log Java Home:             C:\Program Files\Java\jdk-24
11-May-2026 16:43:11.685 INFO [main] org.apache.catalina.startup.VersionLoggerListener.log JVM Version:           24.0.1+9-30
11-May-2026 16:43:11.685 INFO [main] org.apache.catalina.startup.VersionLoggerListener.log JVM Vendor:            Oracle Corporation
11-May-2026 16:43:11.687 INFO [main] org.apache.catalina.startup.VersionLoggerListener.log CATALINA_BASE:         D:\clg\web-technology\ex-5\apache-tomcat-9.0.115-windows-x64\apache-tomcat-9.0.115
11-May-2026 16:43:11.687 INFO [main] org.apache.catalina.startup.VersionLoggerListener.log CATALINA_HOME:         D:\clg\web-technology\ex-5\apache-tomcat-9.0.115-windows-x64\apache-tomcat-9.0.115
11-May-2026 16:43:11.708 INFO [main] org.apache.catalina.startup.VersionLoggerListener.log Command line argument: --add-opens=java.base/java.lang=ALL-UNNAMED
11-May-2026 16:43:11.708 INFO [main] org.apache.catalina.startup.VersionLoggerListener.log Command line argument: --add-opens=java.base/java.lang.invoke=ALL-UNNAMED
11-May-2026 16:43:11.709 INFO [main] org.apache.catalina.startup.VersionLoggerListener.log Command line argument: --add-opens=java.base/java.lang.reflect=ALL-UNNAMED
11-May-2026 16:43:11.709 INFO [main] org.apache.catalina.startup.VersionLoggerListener.log Command line argument: --add-opens=java.base/java.io=ALL-UNNAMED
11-May-2026 16:43:11.709 INFO [main] org.apache.catalina.startup.VersionLoggerListener.log Command line argument: --add-opens=java.base/java.util=ALL-UNNAMED
11-May-2026 16:43:11.709 INFO [main] org.apache.catalina.startup.VersionLoggerListener.log Command line argument: --add-opens=java.base/java.util.concurrent=ALL-UNNAMED
11-May-2026 16:43:11.710 INFO [main] org.apache.catalina.startup.VersionLoggerListener.log Command line argument: --add-opens=java.rmi/sun.rmi.transport=ALL-UNNAMED
11-May-2026 16:43:11.710 INFO [main] org.apache.catalina.startup.VersionLoggerListener.log Command line argument: -Djava.util.logging.config.file=D:\clg\web-technology\ex-5\apache-tomcat-9.0.115-windows-x64\apache-tomcat-9.0.115\conf\logging.properties
11-May-2026 16:43:11.710 INFO [main] org.apache.catalina.startup.VersionLoggerListener.log Command line argument: -Djava.util.logging.manager=org.apache.juli.ClassLoaderLogManager
11-May-2026 16:43:11.710 INFO [main] org.apache.catalina.startup.VersionLoggerListener.log Command line argument: -Djdk.tls.ephemeralDHKeySize=2048
11-May-2026 16:43:11.710 INFO [main] org.apache.catalina.startup.VersionLoggerListener.log Command line argument: -Djava.protocol.handler.pkgs=org.apache.catalina.webresources
11-May-2026 16:43:11.710 INFO [main] org.apache.catalina.startup.VersionLoggerListener.log Command line argument: -Dsun.io.useCanonCaches=false
11-May-2026 16:43:11.711 INFO [main] org.apache.catalina.startup.VersionLoggerListener.log Command line argument: -Dignore.endorsed.dirs=
11-May-2026 16:43:11.711 INFO [main] org.apache.catalina.startup.VersionLoggerListener.log Command line argument: -Dcatalina.base=D:\clg\web-technology\ex-5\apache-tomcat-9.0.115-windows-x64\apache-tomcat-9.0.115
11-May-2026 16:43:11.711 INFO [main] org.apache.catalina.startup.VersionLoggerListener.log Command line argument: -Dcatalina.home=D:\clg\web-technology\ex-5\apache-tomcat-9.0.115-windows-x64\apache-tomcat-9.0.115
11-May-2026 16:43:11.711 INFO [main] org.apache.catalina.startup.VersionLoggerListener.log Command line argument: -Djava.io.tmpdir=D:\clg\web-technology\ex-5\apache-tomcat-9.0.115-windows-x64\apache-tomcat-9.0.115\temp
11-May-2026 16:43:11.786 INFO [main] org.apache.catalina.core.AprLifecycleListener.lifecycleEvent Loaded Apache Tomcat Native library [1.3.5] using APR version [1.7.6].
11-May-2026 16:43:11.786 INFO [main] org.apache.catalina.core.AprLifecycleListener.lifecycleEvent APR capabilities: IPv6 [true], sendfile [true], accept filters [false], random [true], UDS [true].
11-May-2026 16:43:11.787 INFO [main] org.apache.catalina.core.AprLifecycleListener.lifecycleEvent APR/OpenSSL configuration: useAprConnector [false], useOpenSSL [true]
11-May-2026 16:43:11.798 INFO [main] org.apache.catalina.core.AprLifecycleListener.initializeSSL OpenSSL successfully initialized [OpenSSL 3.0.18 30 Sep 2025]
11-May-2026 16:43:12.275 INFO [main] org.apache.coyote.AbstractProtocol.init Initializing ProtocolHandler ["http-nio-8080"]
11-May-2026 16:43:12.310 INFO [main] org.apache.catalina.startup.Catalina.load Server initialization in [921] milliseconds
11-May-2026 16:43:12.386 INFO [main] org.apache.catalina.core.StandardService.startInternal Starting service [Catalina]
11-May-2026 16:43:12.386 INFO [main] org.apache.catalina.core.StandardEngine.startInternal Starting Servlet engine: [Apache Tomcat/9.0.115]
11-May-2026 16:43:12.522 INFO [main] org.apache.catalina.startup.HostConfig.deployWAR Deploying web application archive [D:\clg\web-technology\ex-5\apache-tomcat-9.0.115-windows-x64\apache-tomcat-9.0.115\webapps\calculator.war]
11-May-2026 16:43:13.314 INFO [main] org.apache.jasper.servlet.TldScanner.scanJars At least one JAR was scanned for TLDs yet contained no TLDs. Enable debug logging for this logger for a complete list of JARs that were scanned but no TLDs were found in them. Skipping unneeded JARs during scanning can improve startup time and JSP compilation time.
11-May-2026 16:43:13.374 INFO [main] org.apache.catalina.startup.HostConfig.deployWAR Deployment of web application archive [D:\clg\web-technology\ex-5\apache-tomcat-9.0.115-windows-x64\apache-tomcat-9.0.115\webapps\calculator.war] has finished in [850] ms
11-May-2026 16:43:13.374 INFO [main] org.apache.catalina.startup.HostConfig.deployDirectory Deploying web application directory [D:\clg\web-technology\ex-5\apache-tomcat-9.0.115-windows-x64\apache-tomcat-9.0.115\webapps\docs]
11-May-2026 16:43:13.652 INFO [main] org.apache.jasper.servlet.TldScanner.scanJars At least one JAR was scanned for TLDs yet contained no TLDs. Enable debug logging for this logger for a complete list of JARs that were scanned but no TLDs were found in them. Skipping unneeded JARs during scanning can improve startup time and JSP compilation time.
11-May-2026 16:43:13.657 INFO [main] org.apache.catalina.startup.HostConfig.deployDirectory Deployment of web application directory [D:\clg\web-technology\ex-5\apache-tomcat-9.0.115-windows-x64\apache-tomcat-9.0.115\webapps\docs] has finished in [282] ms
11-May-2026 16:43:13.657 INFO [main] org.apache.catalina.startup.HostConfig.deployDirectory Deploying web application directory [D:\clg\web-technology\ex-5\apache-tomcat-9.0.115-windows-x64\apache-tomcat-9.0.115\webapps\EventRegistration]
11-May-2026 16:43:13.923 INFO [main] org.apache.jasper.servlet.TldScanner.scanJars At least one JAR was scanned for TLDs yet contained no TLDs. Enable debug logging for this logger for a complete list of JARs that were scanned but no TLDs were found in them. Skipping unneeded JARs during scanning can improve startup time and JSP compilation time.
11-May-2026 16:43:13.928 INFO [main] org.apache.catalina.startup.HostConfig.deployDirectory Deployment of web application directory [D:\clg\web-technology\ex-5\apache-tomcat-9.0.115-windows-x64\apache-tomcat-9.0.115\webapps\EventRegistration] has finished in [271] ms
11-May-2026 16:43:13.929 INFO [main] org.apache.catalina.startup.HostConfig.deployDirectory Deploying web application directory [D:\clg\web-technology\ex-5\apache-tomcat-9.0.115-windows-x64\apache-tomcat-9.0.115\webapps\EventRegistrationSession]
11-May-2026 16:43:14.211 INFO [main] org.apache.jasper.servlet.TldScanner.scanJars At least one JAR was scanned for TLDs yet contained no TLDs. Enable debug logging for this logger for a complete list of JARs that were scanned but no TLDs were found in them. Skipping unneeded JARs during scanning can improve startup time and JSP compilation time.
11-May-2026 16:43:14.215 INFO [main] org.apache.catalina.startup.HostConfig.deployDirectory Deployment of web application directory [D:\clg\web-technology\ex-5\apache-tomcat-9.0.115-windows-x64\apache-tomcat-9.0.115\webapps\EventRegistrationSession] has finished in [286] ms
11-May-2026 16:43:14.216 INFO [main] org.apache.catalina.startup.HostConfig.deployDirectory Deploying web application directory [D:\clg\web-technology\ex-5\apache-tomcat-9.0.115-windows-x64\apache-tomcat-9.0.115\webapps\examples]
11-May-2026 16:43:15.078 INFO [main] org.apache.jasper.servlet.TldScanner.scanJars At least one JAR was scanned for TLDs yet contained no TLDs. Enable debug logging for this logger for a complete list of JARs that were scanned but no TLDs were found in them. Skipping unneeded JARs during scanning can improve startup time and JSP compilation time.
11-May-2026 16:43:15.170 INFO [main] org.apache.catalina.startup.HostConfig.deployDirectory Deployment of web application directory [D:\clg\web-technology\ex-5\apache-tomcat-9.0.115-windows-x64\apache-tomcat-9.0.115\webapps\examples] has finished in [953] ms
11-May-2026 16:43:15.170 INFO [main] org.apache.catalina.startup.HostConfig.deployDirectory Deploying web application directory [D:\clg\web-technology\ex-5\apache-tomcat-9.0.115-windows-x64\apache-tomcat-9.0.115\webapps\host-manager]
11-May-2026 16:43:15.414 INFO [main] org.apache.jasper.servlet.TldScanner.scanJars At least one JAR was scanned for TLDs yet contained no TLDs. Enable debug logging for this logger for a complete list of JARs that were scanned but no TLDs were found in them. Skipping unneeded JARs during scanning can improve startup time and JSP compilation time.
11-May-2026 16:43:15.430 INFO [main] org.apache.catalina.startup.HostConfig.deployDirectory Deployment of web application directory [D:\clg\web-technology\ex-5\apache-tomcat-9.0.115-windows-x64\apache-tomcat-9.0.115\webapps\host-manager] has finished in [260] ms
11-May-2026 16:43:15.430 INFO [main] org.apache.catalina.startup.HostConfig.deployDirectory Deploying web application directory [D:\clg\web-technology\ex-5\apache-tomcat-9.0.115-windows-x64\apache-tomcat-9.0.115\webapps\JobApplication]
11-May-2026 16:43:15.658 INFO [main] org.apache.jasper.servlet.TldScanner.scanJars At least one JAR was scanned for TLDs yet contained no TLDs. Enable debug logging for this logger for a complete list of JARs that were scanned but no TLDs were found in them. Skipping unneeded JARs during scanning can improve startup time and JSP compilation time.
11-May-2026 16:43:15.662 INFO [main] org.apache.catalina.startup.HostConfig.deployDirectory Deployment of web application directory [D:\clg\web-technology\ex-5\apache-tomcat-9.0.115-windows-x64\apache-tomcat-9.0.115\webapps\JobApplication] has finished in [232] ms
11-May-2026 16:43:15.663 INFO [main] org.apache.catalina.startup.HostConfig.deployDirectory Deploying web application directory [D:\clg\web-technology\ex-5\apache-tomcat-9.0.115-windows-x64\apache-tomcat-9.0.115\webapps\manager]
11-May-2026 16:43:15.917 INFO [main] org.apache.jasper.servlet.TldScanner.scanJars At least one JAR was scanned for TLDs yet contained no TLDs. Enable debug logging for this logger for a complete list of JARs that were scanned but no TLDs were found in them. Skipping unneeded JARs during scanning can improve startup time and JSP compilation time.
11-May-2026 16:43:15.920 INFO [main] org.apache.catalina.startup.HostConfig.deployDirectory Deployment of web application directory [D:\clg\web-technology\ex-5\apache-tomcat-9.0.115-windows-x64\apache-tomcat-9.0.115\webapps\manager] has finished in [257] ms
11-May-2026 16:43:15.920 INFO [main] org.apache.catalina.startup.HostConfig.deployDirectory Deploying web application directory [D:\clg\web-technology\ex-5\apache-tomcat-9.0.115-windows-x64\apache-tomcat-9.0.115\webapps\QuizApp]
11-May-2026 16:43:16.118 INFO [main] org.apache.jasper.servlet.TldScanner.scanJars At least one JAR was scanned for TLDs yet contained no TLDs. Enable debug logging for this logger for a complete list of JARs that were scanned but no TLDs were found in them. Skipping unneeded JARs during scanning can improve startup time and JSP compilation time.
11-May-2026 16:43:16.123 INFO [main] org.apache.catalina.startup.HostConfig.deployDirectory Deployment of web application directory [D:\clg\web-technology\ex-5\apache-tomcat-9.0.115-windows-x64\apache-tomcat-9.0.115\webapps\QuizApp] has finished in [202] ms
11-May-2026 16:43:16.123 INFO [main] org.apache.catalina.startup.HostConfig.deployDirectory Deploying web application directory [D:\clg\web-technology\ex-5\apache-tomcat-9.0.115-windows-x64\apache-tomcat-9.0.115\webapps\ROOT]
11-May-2026 16:43:16.350 INFO [main] org.apache.jasper.servlet.TldScanner.scanJars At least one JAR was scanned for TLDs yet contained no TLDs. Enable debug logging for this logger for a complete list of JARs that were scanned but no TLDs were found in them. Skipping unneeded JARs during scanning can improve startup time and JSP compilation time.
11-May-2026 16:43:16.354 INFO [main] org.apache.catalina.startup.HostConfig.deployDirectory Deployment of web application directory [D:\clg\web-technology\ex-5\apache-tomcat-9.0.115-windows-x64\apache-tomcat-9.0.115\webapps\ROOT] has finished in [230] ms
11-May-2026 16:43:16.354 INFO [main] org.apache.catalina.startup.HostConfig.deployDirectory Deploying web application directory [D:\clg\web-technology\ex-5\apache-tomcat-9.0.115-windows-x64\apache-tomcat-9.0.115\webapps\ShopcartCookie]
11-May-2026 16:43:16.613 INFO [main] org.apache.jasper.servlet.TldScanner.scanJars At least one JAR was scanned for TLDs yet contained no TLDs. Enable debug logging for this logger for a complete list of JARs that were scanned but no TLDs were found in them. Skipping unneeded JARs during scanning can improve startup time and JSP compilation time.
11-May-2026 16:43:16.618 INFO [main] org.apache.catalina.startup.HostConfig.deployDirectory Deployment of web application directory [D:\clg\web-technology\ex-5\apache-tomcat-9.0.115-windows-x64\apache-tomcat-9.0.115\webapps\ShopcartCookie] has finished in [262] ms
11-May-2026 16:43:16.624 INFO [main] org.apache.coyote.AbstractProtocol.start Starting ProtocolHandler ["http-nio-8080"]
11-May-2026 16:43:16.666 INFO [main] org.apache.catalina.startup.Catalina.start Server startup in [4354] milliseconds
11-May-2026 16:55:07.600 INFO [Catalina-utility-1] org.apache.catalina.startup.HostConfig.deployDirectory Deploying web application directory [D:\clg\web-technology\ex-5\apache-tomcat-9.0.115-windows-x64\apache-tomcat-9.0.115\webapps\StudentResApp]
11-May-2026 16:55:07.903 INFO [Catalina-utility-1] org.apache.jasper.servlet.TldScanner.scanJars At least one JAR was scanned for TLDs yet contained no TLDs. Enable debug logging for this logger for a complete list of JARs that were scanned but no TLDs were found in them. Skipping unneeded JARs during scanning can improve startup time and JSP compilation time.
11-May-2026 16:55:07.907 INFO [Catalina-utility-1] org.apache.catalina.startup.HostConfig.deployDirectory Deployment of web application directory [D:\clg\web-technology\ex-5\apache-tomcat-9.0.115-windows-x64\apache-tomcat-9.0.115\webapps\StudentResApp] has finished in [308] ms
