17-Mar-2026 22:48:49.202 INFO [main] org.apache.catalina.startup.VersionLoggerListener.log Server version name:   Apache Tomcat/9.0.115
17-Mar-2026 22:48:49.206 INFO [main] org.apache.catalina.startup.VersionLoggerListener.log Server built:          Jan 21 2026 08:17:26 UTC
17-Mar-2026 22:48:49.206 INFO [main] org.apache.catalina.startup.VersionLoggerListener.log Server version number: 9.0.115.0
17-Mar-2026 22:48:49.206 INFO [main] org.apache.catalina.startup.VersionLoggerListener.log OS Name:               Windows 11
17-Mar-2026 22:48:49.206 INFO [main] org.apache.catalina.startup.VersionLoggerListener.log OS Version:            10.0
17-Mar-2026 22:48:49.207 INFO [main] org.apache.catalina.startup.VersionLoggerListener.log Architecture:          amd64
17-Mar-2026 22:48:49.207 INFO [main] org.apache.catalina.startup.VersionLoggerListener.log Java Home:             C:\Program Files\Java\jdk-24
17-Mar-2026 22:48:49.207 INFO [main] org.apache.catalina.startup.VersionLoggerListener.log JVM Version:           24.0.1+9-30
17-Mar-2026 22:48:49.207 INFO [main] org.apache.catalina.startup.VersionLoggerListener.log JVM Vendor:            Oracle Corporation
17-Mar-2026 22:48:49.207 INFO [main] org.apache.catalina.startup.VersionLoggerListener.log CATALINA_BASE:         D:\web-technology\ex-5\apache-tomcat-9.0.115-windows-x64\apache-tomcat-9.0.115
17-Mar-2026 22:48:49.207 INFO [main] org.apache.catalina.startup.VersionLoggerListener.log CATALINA_HOME:         D:\web-technology\ex-5\apache-tomcat-9.0.115-windows-x64\apache-tomcat-9.0.115
17-Mar-2026 22:48:49.214 INFO [main] org.apache.catalina.startup.VersionLoggerListener.log Command line argument: --add-opens=java.base/java.lang=ALL-UNNAMED
17-Mar-2026 22:48:49.214 INFO [main] org.apache.catalina.startup.VersionLoggerListener.log Command line argument: --add-opens=java.base/java.lang.invoke=ALL-UNNAMED
17-Mar-2026 22:48:49.215 INFO [main] org.apache.catalina.startup.VersionLoggerListener.log Command line argument: --add-opens=java.base/java.lang.reflect=ALL-UNNAMED
17-Mar-2026 22:48:49.217 INFO [main] org.apache.catalina.startup.VersionLoggerListener.log Command line argument: --add-opens=java.base/java.io=ALL-UNNAMED
17-Mar-2026 22:48:49.217 INFO [main] org.apache.catalina.startup.VersionLoggerListener.log Command line argument: --add-opens=java.base/java.util=ALL-UNNAMED
17-Mar-2026 22:48:49.217 INFO [main] org.apache.catalina.startup.VersionLoggerListener.log Command line argument: --add-opens=java.base/java.util.concurrent=ALL-UNNAMED
17-Mar-2026 22:48:49.217 INFO [main] org.apache.catalina.startup.VersionLoggerListener.log Command line argument: --add-opens=java.rmi/sun.rmi.transport=ALL-UNNAMED
17-Mar-2026 22:48:49.217 INFO [main] org.apache.catalina.startup.VersionLoggerListener.log Command line argument: -Djava.util.logging.config.file=D:\web-technology\ex-5\apache-tomcat-9.0.115-windows-x64\apache-tomcat-9.0.115\conf\logging.properties
17-Mar-2026 22:48:49.217 INFO [main] org.apache.catalina.startup.VersionLoggerListener.log Command line argument: -Djava.util.logging.manager=org.apache.juli.ClassLoaderLogManager
17-Mar-2026 22:48:49.218 INFO [main] org.apache.catalina.startup.VersionLoggerListener.log Command line argument: -Djdk.tls.ephemeralDHKeySize=2048
17-Mar-2026 22:48:49.218 INFO [main] org.apache.catalina.startup.VersionLoggerListener.log Command line argument: -Djava.protocol.handler.pkgs=org.apache.catalina.webresources
17-Mar-2026 22:48:49.218 INFO [main] org.apache.catalina.startup.VersionLoggerListener.log Command line argument: -Dsun.io.useCanonCaches=false
17-Mar-2026 22:48:49.218 INFO [main] org.apache.catalina.startup.VersionLoggerListener.log Command line argument: -Dignore.endorsed.dirs=
17-Mar-2026 22:48:49.218 INFO [main] org.apache.catalina.startup.VersionLoggerListener.log Command line argument: -Dcatalina.base=D:\web-technology\ex-5\apache-tomcat-9.0.115-windows-x64\apache-tomcat-9.0.115
17-Mar-2026 22:48:49.218 INFO [main] org.apache.catalina.startup.VersionLoggerListener.log Command line argument: -Dcatalina.home=D:\web-technology\ex-5\apache-tomcat-9.0.115-windows-x64\apache-tomcat-9.0.115
17-Mar-2026 22:48:49.219 INFO [main] org.apache.catalina.startup.VersionLoggerListener.log Command line argument: -Djava.io.tmpdir=D:\web-technology\ex-5\apache-tomcat-9.0.115-windows-x64\apache-tomcat-9.0.115\temp
17-Mar-2026 22:48:49.239 INFO [main] org.apache.catalina.core.AprLifecycleListener.lifecycleEvent Loaded Apache Tomcat Native library [1.3.5] using APR version [1.7.6].
17-Mar-2026 22:48:49.239 INFO [main] org.apache.catalina.core.AprLifecycleListener.lifecycleEvent APR capabilities: IPv6 [true], sendfile [true], accept filters [false], random [true], UDS [true].
17-Mar-2026 22:48:49.239 INFO [main] org.apache.catalina.core.AprLifecycleListener.lifecycleEvent APR/OpenSSL configuration: useAprConnector [false], useOpenSSL [true]
17-Mar-2026 22:48:49.247 INFO [main] org.apache.catalina.core.AprLifecycleListener.initializeSSL OpenSSL successfully initialized [OpenSSL 3.0.18 30 Sep 2025]
17-Mar-2026 22:48:49.547 INFO [main] org.apache.coyote.AbstractProtocol.init Initializing ProtocolHandler ["http-nio-8080"]
17-Mar-2026 22:48:49.574 INFO [main] org.apache.catalina.startup.Catalina.load Server initialization in [566] milliseconds
17-Mar-2026 22:48:49.631 INFO [main] org.apache.catalina.core.StandardService.startInternal Starting service [Catalina]
17-Mar-2026 22:48:49.631 INFO [main] org.apache.catalina.core.StandardEngine.startInternal Starting Servlet engine: [Apache Tomcat/9.0.115]
17-Mar-2026 22:48:49.639 INFO [main] org.apache.catalina.startup.HostConfig.deployDirectory Deploying web application directory [D:\web-technology\ex-5\apache-tomcat-9.0.115-windows-x64\apache-tomcat-9.0.115\webapps\docs]
17-Mar-2026 22:48:50.022 INFO [main] org.apache.catalina.startup.HostConfig.deployDirectory Deployment of web application directory [D:\web-technology\ex-5\apache-tomcat-9.0.115-windows-x64\apache-tomcat-9.0.115\webapps\docs] has finished in [381] ms
17-Mar-2026 22:48:50.023 INFO [main] org.apache.catalina.startup.HostConfig.deployDirectory Deploying web application directory [D:\web-technology\ex-5\apache-tomcat-9.0.115-windows-x64\apache-tomcat-9.0.115\webapps\EventRegistration]
17-Mar-2026 22:48:50.107 INFO [main] org.apache.catalina.startup.HostConfig.deployDirectory Deployment of web application directory [D:\web-technology\ex-5\apache-tomcat-9.0.115-windows-x64\apache-tomcat-9.0.115\webapps\EventRegistration] has finished in [84] ms
17-Mar-2026 22:48:50.107 INFO [main] org.apache.catalina.startup.HostConfig.deployDirectory Deploying web application directory [D:\web-technology\ex-5\apache-tomcat-9.0.115-windows-x64\apache-tomcat-9.0.115\webapps\examples]
17-Mar-2026 22:48:50.933 INFO [main] org.apache.catalina.startup.HostConfig.deployDirectory Deployment of web application directory [D:\web-technology\ex-5\apache-tomcat-9.0.115-windows-x64\apache-tomcat-9.0.115\webapps\examples] has finished in [826] ms
17-Mar-2026 22:48:50.934 INFO [main] org.apache.catalina.startup.HostConfig.deployDirectory Deploying web application directory [D:\web-technology\ex-5\apache-tomcat-9.0.115-windows-x64\apache-tomcat-9.0.115\webapps\host-manager]
17-Mar-2026 22:48:50.983 INFO [main] org.apache.catalina.startup.HostConfig.deployDirectory Deployment of web application directory [D:\web-technology\ex-5\apache-tomcat-9.0.115-windows-x64\apache-tomcat-9.0.115\webapps\host-manager] has finished in [49] ms
17-Mar-2026 22:48:50.983 INFO [main] org.apache.catalina.startup.HostConfig.deployDirectory Deploying web application directory [D:\web-technology\ex-5\apache-tomcat-9.0.115-windows-x64\apache-tomcat-9.0.115\webapps\JobApplication]
17-Mar-2026 22:48:51.017 INFO [main] org.apache.catalina.startup.HostConfig.deployDirectory Deployment of web application directory [D:\web-technology\ex-5\apache-tomcat-9.0.115-windows-x64\apache-tomcat-9.0.115\webapps\JobApplication] has finished in [34] ms
17-Mar-2026 22:48:51.018 INFO [main] org.apache.catalina.startup.HostConfig.deployDirectory Deploying web application directory [D:\web-technology\ex-5\apache-tomcat-9.0.115-windows-x64\apache-tomcat-9.0.115\webapps\manager]
17-Mar-2026 22:48:51.062 INFO [main] org.apache.catalina.startup.HostConfig.deployDirectory Deployment of web application directory [D:\web-technology\ex-5\apache-tomcat-9.0.115-windows-x64\apache-tomcat-9.0.115\webapps\manager] has finished in [45] ms
17-Mar-2026 22:48:51.063 INFO [main] org.apache.catalina.startup.HostConfig.deployDirectory Deploying web application directory [D:\web-technology\ex-5\apache-tomcat-9.0.115-windows-x64\apache-tomcat-9.0.115\webapps\ROOT]
17-Mar-2026 22:48:51.092 INFO [main] org.apache.catalina.startup.HostConfig.deployDirectory Deployment of web application directory [D:\web-technology\ex-5\apache-tomcat-9.0.115-windows-x64\apache-tomcat-9.0.115\webapps\ROOT] has finished in [30] ms
17-Mar-2026 22:48:51.093 INFO [main] org.apache.catalina.startup.HostConfig.deployDirectory Deploying web application directory [D:\web-technology\ex-5\apache-tomcat-9.0.115-windows-x64\apache-tomcat-9.0.115\webapps\ShopcartCookie]
17-Mar-2026 22:48:51.131 INFO [main] org.apache.catalina.startup.HostConfig.deployDirectory Deployment of web application directory [D:\web-technology\ex-5\apache-tomcat-9.0.115-windows-x64\apache-tomcat-9.0.115\webapps\ShopcartCookie] has finished in [37] ms
17-Mar-2026 22:48:51.135 INFO [main] org.apache.coyote.AbstractProtocol.start Starting ProtocolHandler ["http-nio-8080"]
17-Mar-2026 22:48:51.166 INFO [main] org.apache.catalina.startup.Catalina.start Server startup in [1589] milliseconds
