02-Mar-2026 22:03:11.462 INFO [main] org.apache.catalina.startup.VersionLoggerListener.log Server version name:   Apache Tomcat/9.0.115
02-Mar-2026 22:03:11.472 INFO [main] org.apache.catalina.startup.VersionLoggerListener.log Server built:          Jan 21 2026 08:17:26 UTC
02-Mar-2026 22:03:11.472 INFO [main] org.apache.catalina.startup.VersionLoggerListener.log Server version number: 9.0.115.0
02-Mar-2026 22:03:11.472 INFO [main] org.apache.catalina.startup.VersionLoggerListener.log OS Name:               Windows 11
02-Mar-2026 22:03:11.472 INFO [main] org.apache.catalina.startup.VersionLoggerListener.log OS Version:            10.0
02-Mar-2026 22:03:11.477 INFO [main] org.apache.catalina.startup.VersionLoggerListener.log Architecture:          amd64
02-Mar-2026 22:03:11.477 INFO [main] org.apache.catalina.startup.VersionLoggerListener.log Java Home:             C:\Program Files\Java\jdk-24
02-Mar-2026 22:03:11.477 INFO [main] org.apache.catalina.startup.VersionLoggerListener.log JVM Version:           24.0.1+9-30
02-Mar-2026 22:03:11.478 INFO [main] org.apache.catalina.startup.VersionLoggerListener.log JVM Vendor:            Oracle Corporation
02-Mar-2026 22:03:11.478 INFO [main] org.apache.catalina.startup.VersionLoggerListener.log CATALINA_BASE:         D:\web-technology\ex-4\apache-tomcat-9.0.115-windows-x64\apache-tomcat-9.0.115
02-Mar-2026 22:03:11.480 INFO [main] org.apache.catalina.startup.VersionLoggerListener.log CATALINA_HOME:         D:\web-technology\ex-4\apache-tomcat-9.0.115-windows-x64\apache-tomcat-9.0.115
02-Mar-2026 22:03:11.520 INFO [main] org.apache.catalina.startup.VersionLoggerListener.log Command line argument: --add-opens=java.base/java.lang=ALL-UNNAMED
02-Mar-2026 22:03:11.522 INFO [main] org.apache.catalina.startup.VersionLoggerListener.log Command line argument: --add-opens=java.base/java.lang.invoke=ALL-UNNAMED
02-Mar-2026 22:03:11.523 INFO [main] org.apache.catalina.startup.VersionLoggerListener.log Command line argument: --add-opens=java.base/java.lang.reflect=ALL-UNNAMED
02-Mar-2026 22:03:11.523 INFO [main] org.apache.catalina.startup.VersionLoggerListener.log Command line argument: --add-opens=java.base/java.io=ALL-UNNAMED
02-Mar-2026 22:03:11.523 INFO [main] org.apache.catalina.startup.VersionLoggerListener.log Command line argument: --add-opens=java.base/java.util=ALL-UNNAMED
02-Mar-2026 22:03:11.523 INFO [main] org.apache.catalina.startup.VersionLoggerListener.log Command line argument: --add-opens=java.base/java.util.concurrent=ALL-UNNAMED
02-Mar-2026 22:03:11.523 INFO [main] org.apache.catalina.startup.VersionLoggerListener.log Command line argument: --add-opens=java.rmi/sun.rmi.transport=ALL-UNNAMED
02-Mar-2026 22:03:11.523 INFO [main] org.apache.catalina.startup.VersionLoggerListener.log Command line argument: -Djava.util.logging.config.file=D:\web-technology\ex-4\apache-tomcat-9.0.115-windows-x64\apache-tomcat-9.0.115\conf\logging.properties
02-Mar-2026 22:03:11.526 INFO [main] org.apache.catalina.startup.VersionLoggerListener.log Command line argument: -Djava.util.logging.manager=org.apache.juli.ClassLoaderLogManager
02-Mar-2026 22:03:11.526 INFO [main] org.apache.catalina.startup.VersionLoggerListener.log Command line argument: -Djdk.tls.ephemeralDHKeySize=2048
02-Mar-2026 22:03:11.526 INFO [main] org.apache.catalina.startup.VersionLoggerListener.log Command line argument: -Djava.protocol.handler.pkgs=org.apache.catalina.webresources
02-Mar-2026 22:03:11.528 INFO [main] org.apache.catalina.startup.VersionLoggerListener.log Command line argument: -Dsun.io.useCanonCaches=false
02-Mar-2026 22:03:11.528 INFO [main] org.apache.catalina.startup.VersionLoggerListener.log Command line argument: -Dignore.endorsed.dirs=
02-Mar-2026 22:03:11.528 INFO [main] org.apache.catalina.startup.VersionLoggerListener.log Command line argument: -Dcatalina.base=D:\web-technology\ex-4\apache-tomcat-9.0.115-windows-x64\apache-tomcat-9.0.115
02-Mar-2026 22:03:11.528 INFO [main] org.apache.catalina.startup.VersionLoggerListener.log Command line argument: -Dcatalina.home=D:\web-technology\ex-4\apache-tomcat-9.0.115-windows-x64\apache-tomcat-9.0.115
02-Mar-2026 22:03:11.531 INFO [main] org.apache.catalina.startup.VersionLoggerListener.log Command line argument: -Djava.io.tmpdir=D:\web-technology\ex-4\apache-tomcat-9.0.115-windows-x64\apache-tomcat-9.0.115\temp
02-Mar-2026 22:03:12.599 INFO [main] org.apache.catalina.core.AprLifecycleListener.lifecycleEvent Loaded Apache Tomcat Native library [1.3.5] using APR version [1.7.6].
02-Mar-2026 22:03:12.600 INFO [main] org.apache.catalina.core.AprLifecycleListener.lifecycleEvent APR capabilities: IPv6 [true], sendfile [true], accept filters [false], random [true], UDS [true].
02-Mar-2026 22:03:12.600 INFO [main] org.apache.catalina.core.AprLifecycleListener.lifecycleEvent APR/OpenSSL configuration: useAprConnector [false], useOpenSSL [true]
02-Mar-2026 22:03:12.628 INFO [main] org.apache.catalina.core.AprLifecycleListener.initializeSSL OpenSSL successfully initialized [OpenSSL 3.0.18 30 Sep 2025]
02-Mar-2026 22:03:13.775 INFO [main] org.apache.coyote.AbstractProtocol.init Initializing ProtocolHandler ["http-nio-8080"]
02-Mar-2026 22:03:13.859 INFO [main] org.apache.catalina.startup.Catalina.load Server initialization in [3255] milliseconds
02-Mar-2026 22:03:14.032 INFO [main] org.apache.catalina.core.StandardService.startInternal Starting service [Catalina]
02-Mar-2026 22:03:14.032 INFO [main] org.apache.catalina.core.StandardEngine.startInternal Starting Servlet engine: [Apache Tomcat/9.0.115]
02-Mar-2026 22:03:14.060 INFO [main] org.apache.catalina.startup.HostConfig.deployDirectory Deploying web application directory [D:\web-technology\ex-4\apache-tomcat-9.0.115-windows-x64\apache-tomcat-9.0.115\webapps\docs]
02-Mar-2026 22:03:15.021 INFO [main] org.apache.catalina.startup.HostConfig.deployDirectory Deployment of web application directory [D:\web-technology\ex-4\apache-tomcat-9.0.115-windows-x64\apache-tomcat-9.0.115\webapps\docs] has finished in [961] ms
02-Mar-2026 22:03:15.021 INFO [main] org.apache.catalina.startup.HostConfig.deployDirectory Deploying web application directory [D:\web-technology\ex-4\apache-tomcat-9.0.115-windows-x64\apache-tomcat-9.0.115\webapps\EventRegistration]
02-Mar-2026 22:03:15.219 INFO [main] org.apache.catalina.startup.HostConfig.deployDirectory Deployment of web application directory [D:\web-technology\ex-4\apache-tomcat-9.0.115-windows-x64\apache-tomcat-9.0.115\webapps\EventRegistration] has finished in [198] ms
02-Mar-2026 22:03:15.219 INFO [main] org.apache.catalina.startup.HostConfig.deployDirectory Deploying web application directory [D:\web-technology\ex-4\apache-tomcat-9.0.115-windows-x64\apache-tomcat-9.0.115\webapps\examples]
02-Mar-2026 22:03:17.580 INFO [main] org.apache.catalina.startup.HostConfig.deployDirectory Deployment of web application directory [D:\web-technology\ex-4\apache-tomcat-9.0.115-windows-x64\apache-tomcat-9.0.115\webapps\examples] has finished in [2,361] ms
02-Mar-2026 22:03:17.580 INFO [main] org.apache.catalina.startup.HostConfig.deployDirectory Deploying web application directory [D:\web-technology\ex-4\apache-tomcat-9.0.115-windows-x64\apache-tomcat-9.0.115\webapps\host-manager]
02-Mar-2026 22:03:17.703 INFO [main] org.apache.catalina.startup.HostConfig.deployDirectory Deployment of web application directory [D:\web-technology\ex-4\apache-tomcat-9.0.115-windows-x64\apache-tomcat-9.0.115\webapps\host-manager] has finished in [121] ms
02-Mar-2026 22:03:17.703 INFO [main] org.apache.catalina.startup.HostConfig.deployDirectory Deploying web application directory [D:\web-technology\ex-4\apache-tomcat-9.0.115-windows-x64\apache-tomcat-9.0.115\webapps\JobApplication]
02-Mar-2026 22:03:17.793 INFO [main] org.apache.catalina.startup.HostConfig.deployDirectory Deployment of web application directory [D:\web-technology\ex-4\apache-tomcat-9.0.115-windows-x64\apache-tomcat-9.0.115\webapps\JobApplication] has finished in [90] ms
02-Mar-2026 22:03:17.793 INFO [main] org.apache.catalina.startup.HostConfig.deployDirectory Deploying web application directory [D:\web-technology\ex-4\apache-tomcat-9.0.115-windows-x64\apache-tomcat-9.0.115\webapps\manager]
02-Mar-2026 22:03:17.908 INFO [main] org.apache.catalina.startup.HostConfig.deployDirectory Deployment of web application directory [D:\web-technology\ex-4\apache-tomcat-9.0.115-windows-x64\apache-tomcat-9.0.115\webapps\manager] has finished in [115] ms
02-Mar-2026 22:03:17.908 INFO [main] org.apache.catalina.startup.HostConfig.deployDirectory Deploying web application directory [D:\web-technology\ex-4\apache-tomcat-9.0.115-windows-x64\apache-tomcat-9.0.115\webapps\ROOT]
02-Mar-2026 22:03:17.986 INFO [main] org.apache.catalina.startup.HostConfig.deployDirectory Deployment of web application directory [D:\web-technology\ex-4\apache-tomcat-9.0.115-windows-x64\apache-tomcat-9.0.115\webapps\ROOT] has finished in [78] ms
02-Mar-2026 22:03:17.998 INFO [main] org.apache.coyote.AbstractProtocol.start Starting ProtocolHandler ["http-nio-8080"]
02-Mar-2026 22:03:18.098 INFO [main] org.apache.catalina.startup.Catalina.start Server startup in [4235] milliseconds
