04-May-2026 17:02:11.850 INFO [http-nio-8080-exec-2] org.apache.catalina.core.ApplicationContext.log Manager: init: Associated with Deployer 'Catalina:type=Deployer,host=localhost'
04-May-2026 17:02:11.850 INFO [http-nio-8080-exec-2] org.apache.catalina.core.ApplicationContext.log Manager: init: Global resources are available
04-May-2026 17:04:09.998 INFO [http-nio-8080-exec-10] org.apache.catalina.core.ApplicationContext.log Manager: init: Associated with Deployer 'Catalina:type=Deployer,host=localhost'
04-May-2026 17:04:09.998 INFO [http-nio-8080-exec-10] org.apache.catalina.core.ApplicationContext.log Manager: init: Global resources are available
04-May-2026 17:04:14.709 INFO [http-nio-8080-exec-3] org.apache.catalina.core.ApplicationContext.log HTMLManager: init: Associated with Deployer 'Catalina:type=Deployer,host=localhost'
04-May-2026 17:04:14.709 INFO [http-nio-8080-exec-3] org.apache.catalina.core.ApplicationContext.log HTMLManager: init: Global resources are available
04-May-2026 17:04:14.727 INFO [http-nio-8080-exec-3] org.apache.catalina.core.ApplicationContext.log HTMLManager: list: Listing contexts for virtual host 'localhost'
04-May-2026 18:07:06.790 INFO [http-nio-8080-exec-4] org.apache.catalina.core.ApplicationContext.log Manager: init: Associated with Deployer 'Catalina:type=Deployer,host=localhost'
04-May-2026 18:07:06.790 INFO [http-nio-8080-exec-4] org.apache.catalina.core.ApplicationContext.log Manager: init: Global resources are available
04-May-2026 18:08:24.342 INFO [http-nio-8080-exec-9] org.apache.catalina.core.ApplicationContext.log Manager: list: Listing contexts for virtual host 'localhost'
04-May-2026 18:10:41.407 INFO [http-nio-8080-exec-1] org.apache.catalina.core.ApplicationContext.log Manager: init: Associated with Deployer 'Catalina:type=Deployer,host=localhost'
04-May-2026 18:10:41.407 INFO [http-nio-8080-exec-1] org.apache.catalina.core.ApplicationContext.log Manager: init: Global resources are available
04-May-2026 18:20:24.428 INFO [http-nio-8080-exec-5] org.apache.catalina.core.ApplicationContext.log Manager: list: Listing contexts for virtual host 'localhost'
04-May-2026 18:20:24.435 INFO [http-nio-8080-exec-7] org.apache.catalina.core.ApplicationContext.log Manager: list: Listing contexts for virtual host 'localhost'
04-May-2026 18:20:24.440 INFO [http-nio-8080-exec-2] org.apache.catalina.core.ApplicationContext.log Manager: undeploy: Undeploying web application at '/calculator'
04-May-2026 18:20:24.477 INFO [http-nio-8080-exec-9] org.apache.catalina.core.ApplicationContext.log Manager: deploy: Deploying web application '/calculator'
04-May-2026 18:20:24.477 INFO [http-nio-8080-exec-9] org.apache.catalina.core.ApplicationContext.log Manager: Uploading WAR file to D:\clg\web-technology\ex-5\apache-tomcat-9.0.115-windows-x64\apache-tomcat-9.0.115\webapps\calculator.war
04-May-2026 18:20:24.753 INFO [http-nio-8080-exec-4] org.apache.catalina.core.ApplicationContext.log Manager: list: Listing contexts for virtual host 'localhost'
04-May-2026 18:20:24.755 INFO [http-nio-8080-exec-10] org.apache.catalina.core.ApplicationContext.log Manager: list: Listing contexts for virtual host 'localhost'
04-May-2026 18:20:24.757 INFO [http-nio-8080-exec-7] org.apache.catalina.core.ApplicationContext.log Manager: undeploy: Undeploying web application at '/calculator'
04-May-2026 18:20:24.769 INFO [http-nio-8080-exec-9] org.apache.catalina.core.ApplicationContext.log Manager: deploy: Deploying web application '/calculator'
04-May-2026 18:20:24.769 INFO [http-nio-8080-exec-9] org.apache.catalina.core.ApplicationContext.log Manager: Uploading WAR file to D:\clg\web-technology\ex-5\apache-tomcat-9.0.115-windows-x64\apache-tomcat-9.0.115\webapps\calculator.war
