16-Feb-2026 23:21:14.522 INFO [main] org.apache.catalina.startup.VersionLoggerListener.log Server version name:   Apache Tomcat/9.0.115
16-Feb-2026 23:21:14.525 INFO [main] org.apache.catalina.startup.VersionLoggerListener.log Server built:          Jan 21 2026 08:17:26 UTC
16-Feb-2026 23:21:14.525 INFO [main] org.apache.catalina.startup.VersionLoggerListener.log Server version number: 9.0.115.0
16-Feb-2026 23:21:14.526 INFO [main] org.apache.catalina.startup.VersionLoggerListener.log OS Name:               Windows 11
16-Feb-2026 23:21:14.526 INFO [main] org.apache.catalina.startup.VersionLoggerListener.log OS Version:            10.0
16-Feb-2026 23:21:14.526 INFO [main] org.apache.catalina.startup.VersionLoggerListener.log Architecture:          amd64
16-Feb-2026 23:21:14.526 INFO [main] org.apache.catalina.startup.VersionLoggerListener.log Java Home:             C:\Program Files\Java\jdk-24
16-Feb-2026 23:21:14.526 INFO [main] org.apache.catalina.startup.VersionLoggerListener.log JVM Version:           24.0.1+9-30
16-Feb-2026 23:21:14.527 INFO [main] org.apache.catalina.startup.VersionLoggerListener.log JVM Vendor:            Oracle Corporation
16-Feb-2026 23:21:14.527 INFO [main] org.apache.catalina.startup.VersionLoggerListener.log CATALINA_BASE:         D:\web-technology\ex-4\apache-tomcat-9.0.115-windows-x64\apache-tomcat-9.0.115
16-Feb-2026 23:21:14.527 INFO [main] org.apache.catalina.startup.VersionLoggerListener.log CATALINA_HOME:         D:\web-technology\ex-4\apache-tomcat-9.0.115-windows-x64\apache-tomcat-9.0.115
16-Feb-2026 23:21:14.542 INFO [main] org.apache.catalina.startup.VersionLoggerListener.log Command line argument: --add-opens=java.base/java.lang=ALL-UNNAMED
16-Feb-2026 23:21:14.542 INFO [main] org.apache.catalina.startup.VersionLoggerListener.log Command line argument: --add-opens=java.base/java.lang.invoke=ALL-UNNAMED
16-Feb-2026 23:21:14.542 INFO [main] org.apache.catalina.startup.VersionLoggerListener.log Command line argument: --add-opens=java.base/java.lang.reflect=ALL-UNNAMED
16-Feb-2026 23:21:14.542 INFO [main] org.apache.catalina.startup.VersionLoggerListener.log Command line argument: --add-opens=java.base/java.io=ALL-UNNAMED
16-Feb-2026 23:21:14.543 INFO [main] org.apache.catalina.startup.VersionLoggerListener.log Command line argument: --add-opens=java.base/java.util=ALL-UNNAMED
16-Feb-2026 23:21:14.543 INFO [main] org.apache.catalina.startup.VersionLoggerListener.log Command line argument: --add-opens=java.base/java.util.concurrent=ALL-UNNAMED
16-Feb-2026 23:21:14.543 INFO [main] org.apache.catalina.startup.VersionLoggerListener.log Command line argument: --add-opens=java.rmi/sun.rmi.transport=ALL-UNNAMED
16-Feb-2026 23:21:14.543 INFO [main] org.apache.catalina.startup.VersionLoggerListener.log Command line argument: -Djava.util.logging.config.file=D:\web-technology\ex-4\apache-tomcat-9.0.115-windows-x64\apache-tomcat-9.0.115\conf\logging.properties
16-Feb-2026 23:21:14.544 INFO [main] org.apache.catalina.startup.VersionLoggerListener.log Command line argument: -Djava.util.logging.manager=org.apache.juli.ClassLoaderLogManager
16-Feb-2026 23:21:14.544 INFO [main] org.apache.catalina.startup.VersionLoggerListener.log Command line argument: -Djdk.tls.ephemeralDHKeySize=2048
16-Feb-2026 23:21:14.544 INFO [main] org.apache.catalina.startup.VersionLoggerListener.log Command line argument: -Djava.protocol.handler.pkgs=org.apache.catalina.webresources
16-Feb-2026 23:21:14.544 INFO [main] org.apache.catalina.startup.VersionLoggerListener.log Command line argument: -Dsun.io.useCanonCaches=false
16-Feb-2026 23:21:14.544 INFO [main] org.apache.catalina.startup.VersionLoggerListener.log Command line argument: -Dignore.endorsed.dirs=
16-Feb-2026 23:21:14.545 INFO [main] org.apache.catalina.startup.VersionLoggerListener.log Command line argument: -Dcatalina.base=D:\web-technology\ex-4\apache-tomcat-9.0.115-windows-x64\apache-tomcat-9.0.115
16-Feb-2026 23:21:14.545 INFO [main] org.apache.catalina.startup.VersionLoggerListener.log Command line argument: -Dcatalina.home=D:\web-technology\ex-4\apache-tomcat-9.0.115-windows-x64\apache-tomcat-9.0.115
16-Feb-2026 23:21:14.545 INFO [main] org.apache.catalina.startup.VersionLoggerListener.log Command line argument: -Djava.io.tmpdir=D:\web-technology\ex-4\apache-tomcat-9.0.115-windows-x64\apache-tomcat-9.0.115\temp
16-Feb-2026 23:21:14.557 INFO [main] org.apache.catalina.core.AprLifecycleListener.lifecycleEvent Loaded Apache Tomcat Native library [1.3.5] using APR version [1.7.6].
16-Feb-2026 23:21:14.557 INFO [main] org.apache.catalina.core.AprLifecycleListener.lifecycleEvent APR capabilities: IPv6 [true], sendfile [true], accept filters [false], random [true], UDS [true].
16-Feb-2026 23:21:14.558 INFO [main] org.apache.catalina.core.AprLifecycleListener.lifecycleEvent APR/OpenSSL configuration: useAprConnector [false], useOpenSSL [true]
16-Feb-2026 23:21:14.582 INFO [main] org.apache.catalina.core.AprLifecycleListener.initializeSSL OpenSSL successfully initialized [OpenSSL 3.0.18 30 Sep 2025]
16-Feb-2026 23:21:14.938 INFO [main] org.apache.coyote.AbstractProtocol.init Initializing ProtocolHandler ["http-nio-8080"]
16-Feb-2026 23:21:14.966 INFO [main] org.apache.catalina.startup.Catalina.load Server initialization in [699] milliseconds
16-Feb-2026 23:21:15.028 INFO [main] org.apache.catalina.core.StandardService.startInternal Starting service [Catalina]
16-Feb-2026 23:21:15.029 INFO [main] org.apache.catalina.core.StandardEngine.startInternal Starting Servlet engine: [Apache Tomcat/9.0.115]
16-Feb-2026 23:21:15.040 INFO [main] org.apache.catalina.startup.HostConfig.deployDirectory Deploying web application directory [D:\web-technology\ex-4\apache-tomcat-9.0.115-windows-x64\apache-tomcat-9.0.115\webapps\docs]
16-Feb-2026 23:21:15.450 INFO [main] org.apache.catalina.startup.HostConfig.deployDirectory Deployment of web application directory [D:\web-technology\ex-4\apache-tomcat-9.0.115-windows-x64\apache-tomcat-9.0.115\webapps\docs] has finished in [408] ms
16-Feb-2026 23:21:15.451 INFO [main] org.apache.catalina.startup.HostConfig.deployDirectory Deploying web application directory [D:\web-technology\ex-4\apache-tomcat-9.0.115-windows-x64\apache-tomcat-9.0.115\webapps\EventRegistration]
16-Feb-2026 23:21:15.556 INFO [main] org.apache.catalina.startup.HostConfig.deployDirectory Deployment of web application directory [D:\web-technology\ex-4\apache-tomcat-9.0.115-windows-x64\apache-tomcat-9.0.115\webapps\EventRegistration] has finished in [105] ms
16-Feb-2026 23:21:15.557 INFO [main] org.apache.catalina.startup.HostConfig.deployDirectory Deploying web application directory [D:\web-technology\ex-4\apache-tomcat-9.0.115-windows-x64\apache-tomcat-9.0.115\webapps\examples]
16-Feb-2026 23:21:16.064 INFO [main] org.apache.catalina.startup.HostConfig.deployDirectory Deployment of web application directory [D:\web-technology\ex-4\apache-tomcat-9.0.115-windows-x64\apache-tomcat-9.0.115\webapps\examples] has finished in [507] ms
16-Feb-2026 23:21:16.064 INFO [main] org.apache.catalina.startup.HostConfig.deployDirectory Deploying web application directory [D:\web-technology\ex-4\apache-tomcat-9.0.115-windows-x64\apache-tomcat-9.0.115\webapps\host-manager]
16-Feb-2026 23:21:16.106 INFO [main] org.apache.catalina.startup.HostConfig.deployDirectory Deployment of web application directory [D:\web-technology\ex-4\apache-tomcat-9.0.115-windows-x64\apache-tomcat-9.0.115\webapps\host-manager] has finished in [41] ms
16-Feb-2026 23:21:16.106 INFO [main] org.apache.catalina.startup.HostConfig.deployDirectory Deploying web application directory [D:\web-technology\ex-4\apache-tomcat-9.0.115-windows-x64\apache-tomcat-9.0.115\webapps\manager]
16-Feb-2026 23:21:16.143 INFO [main] org.apache.catalina.startup.HostConfig.deployDirectory Deployment of web application directory [D:\web-technology\ex-4\apache-tomcat-9.0.115-windows-x64\apache-tomcat-9.0.115\webapps\manager] has finished in [37] ms
16-Feb-2026 23:21:16.144 INFO [main] org.apache.catalina.startup.HostConfig.deployDirectory Deploying web application directory [D:\web-technology\ex-4\apache-tomcat-9.0.115-windows-x64\apache-tomcat-9.0.115\webapps\ROOT]
16-Feb-2026 23:21:16.171 INFO [main] org.apache.catalina.startup.HostConfig.deployDirectory Deployment of web application directory [D:\web-technology\ex-4\apache-tomcat-9.0.115-windows-x64\apache-tomcat-9.0.115\webapps\ROOT] has finished in [27] ms
16-Feb-2026 23:21:16.177 INFO [main] org.apache.coyote.AbstractProtocol.start Starting ProtocolHandler ["http-nio-8080"]
16-Feb-2026 23:21:16.209 INFO [main] org.apache.catalina.startup.Catalina.start Server startup in [1240] milliseconds
16-Feb-2026 23:24:26.652 INFO [main] org.apache.catalina.startup.VersionLoggerListener.log Server version name:   Apache Tomcat/9.0.115
16-Feb-2026 23:24:26.656 INFO [main] org.apache.catalina.startup.VersionLoggerListener.log Server built:          Jan 21 2026 08:17:26 UTC
16-Feb-2026 23:24:26.656 INFO [main] org.apache.catalina.startup.VersionLoggerListener.log Server version number: 9.0.115.0
16-Feb-2026 23:24:26.657 INFO [main] org.apache.catalina.startup.VersionLoggerListener.log OS Name:               Windows 11
16-Feb-2026 23:24:26.657 INFO [main] org.apache.catalina.startup.VersionLoggerListener.log OS Version:            10.0
16-Feb-2026 23:24:26.657 INFO [main] org.apache.catalina.startup.VersionLoggerListener.log Architecture:          amd64
16-Feb-2026 23:24:26.657 INFO [main] org.apache.catalina.startup.VersionLoggerListener.log Java Home:             C:\Program Files\Java\jdk-24
16-Feb-2026 23:24:26.657 INFO [main] org.apache.catalina.startup.VersionLoggerListener.log JVM Version:           24.0.1+9-30
16-Feb-2026 23:24:26.657 INFO [main] org.apache.catalina.startup.VersionLoggerListener.log JVM Vendor:            Oracle Corporation
16-Feb-2026 23:24:26.658 INFO [main] org.apache.catalina.startup.VersionLoggerListener.log CATALINA_BASE:         D:\web-technology\ex-4\apache-tomcat-9.0.115-windows-x64\apache-tomcat-9.0.115
16-Feb-2026 23:24:26.658 INFO [main] org.apache.catalina.startup.VersionLoggerListener.log CATALINA_HOME:         D:\web-technology\ex-4\apache-tomcat-9.0.115-windows-x64\apache-tomcat-9.0.115
16-Feb-2026 23:24:26.665 INFO [main] org.apache.catalina.startup.VersionLoggerListener.log Command line argument: --add-opens=java.base/java.lang=ALL-UNNAMED
16-Feb-2026 23:24:26.665 INFO [main] org.apache.catalina.startup.VersionLoggerListener.log Command line argument: --add-opens=java.base/java.lang.invoke=ALL-UNNAMED
16-Feb-2026 23:24:26.665 INFO [main] org.apache.catalina.startup.VersionLoggerListener.log Command line argument: --add-opens=java.base/java.lang.reflect=ALL-UNNAMED
16-Feb-2026 23:24:26.666 INFO [main] org.apache.catalina.startup.VersionLoggerListener.log Command line argument: --add-opens=java.base/java.io=ALL-UNNAMED
16-Feb-2026 23:24:26.666 INFO [main] org.apache.catalina.startup.VersionLoggerListener.log Command line argument: --add-opens=java.base/java.util=ALL-UNNAMED
16-Feb-2026 23:24:26.666 INFO [main] org.apache.catalina.startup.VersionLoggerListener.log Command line argument: --add-opens=java.base/java.util.concurrent=ALL-UNNAMED
16-Feb-2026 23:24:26.666 INFO [main] org.apache.catalina.startup.VersionLoggerListener.log Command line argument: --add-opens=java.rmi/sun.rmi.transport=ALL-UNNAMED
16-Feb-2026 23:24:26.666 INFO [main] org.apache.catalina.startup.VersionLoggerListener.log Command line argument: -Djava.util.logging.config.file=D:\web-technology\ex-4\apache-tomcat-9.0.115-windows-x64\apache-tomcat-9.0.115\conf\logging.properties
16-Feb-2026 23:24:26.666 INFO [main] org.apache.catalina.startup.VersionLoggerListener.log Command line argument: -Djava.util.logging.manager=org.apache.juli.ClassLoaderLogManager
16-Feb-2026 23:24:26.666 INFO [main] org.apache.catalina.startup.VersionLoggerListener.log Command line argument: -Djdk.tls.ephemeralDHKeySize=2048
16-Feb-2026 23:24:26.666 INFO [main] org.apache.catalina.startup.VersionLoggerListener.log Command line argument: -Djava.protocol.handler.pkgs=org.apache.catalina.webresources
16-Feb-2026 23:24:26.666 INFO [main] org.apache.catalina.startup.VersionLoggerListener.log Command line argument: -Dsun.io.useCanonCaches=false
16-Feb-2026 23:24:26.666 INFO [main] org.apache.catalina.startup.VersionLoggerListener.log Command line argument: -Dignore.endorsed.dirs=
16-Feb-2026 23:24:26.667 INFO [main] org.apache.catalina.startup.VersionLoggerListener.log Command line argument: -Dcatalina.base=D:\web-technology\ex-4\apache-tomcat-9.0.115-windows-x64\apache-tomcat-9.0.115
16-Feb-2026 23:24:26.667 INFO [main] org.apache.catalina.startup.VersionLoggerListener.log Command line argument: -Dcatalina.home=D:\web-technology\ex-4\apache-tomcat-9.0.115-windows-x64\apache-tomcat-9.0.115
16-Feb-2026 23:24:26.667 INFO [main] org.apache.catalina.startup.VersionLoggerListener.log Command line argument: -Djava.io.tmpdir=D:\web-technology\ex-4\apache-tomcat-9.0.115-windows-x64\apache-tomcat-9.0.115\temp
16-Feb-2026 23:24:26.673 INFO [main] org.apache.catalina.core.AprLifecycleListener.lifecycleEvent Loaded Apache Tomcat Native library [1.3.5] using APR version [1.7.6].
16-Feb-2026 23:24:26.673 INFO [main] org.apache.catalina.core.AprLifecycleListener.lifecycleEvent APR capabilities: IPv6 [true], sendfile [true], accept filters [false], random [true], UDS [true].
16-Feb-2026 23:24:26.673 INFO [main] org.apache.catalina.core.AprLifecycleListener.lifecycleEvent APR/OpenSSL configuration: useAprConnector [false], useOpenSSL [true]
16-Feb-2026 23:24:26.682 INFO [main] org.apache.catalina.core.AprLifecycleListener.initializeSSL OpenSSL successfully initialized [OpenSSL 3.0.18 30 Sep 2025]
16-Feb-2026 23:24:26.997 INFO [main] org.apache.coyote.AbstractProtocol.init Initializing ProtocolHandler ["http-nio-8080"]
16-Feb-2026 23:24:27.021 INFO [main] org.apache.catalina.startup.Catalina.load Server initialization in [562] milliseconds
16-Feb-2026 23:24:27.079 INFO [main] org.apache.catalina.core.StandardService.startInternal Starting service [Catalina]
16-Feb-2026 23:24:27.079 INFO [main] org.apache.catalina.core.StandardEngine.startInternal Starting Servlet engine: [Apache Tomcat/9.0.115]
16-Feb-2026 23:24:27.089 INFO [main] org.apache.catalina.startup.HostConfig.deployDirectory Deploying web application directory [D:\web-technology\ex-4\apache-tomcat-9.0.115-windows-x64\apache-tomcat-9.0.115\webapps\docs]
16-Feb-2026 23:24:27.439 INFO [main] org.apache.catalina.startup.HostConfig.deployDirectory Deployment of web application directory [D:\web-technology\ex-4\apache-tomcat-9.0.115-windows-x64\apache-tomcat-9.0.115\webapps\docs] has finished in [349] ms
16-Feb-2026 23:24:27.440 INFO [main] org.apache.catalina.startup.HostConfig.deployDirectory Deploying web application directory [D:\web-technology\ex-4\apache-tomcat-9.0.115-windows-x64\apache-tomcat-9.0.115\webapps\EventRegistration]
16-Feb-2026 23:24:27.514 INFO [main] org.apache.catalina.startup.HostConfig.deployDirectory Deployment of web application directory [D:\web-technology\ex-4\apache-tomcat-9.0.115-windows-x64\apache-tomcat-9.0.115\webapps\EventRegistration] has finished in [74] ms
16-Feb-2026 23:24:27.514 INFO [main] org.apache.catalina.startup.HostConfig.deployDirectory Deploying web application directory [D:\web-technology\ex-4\apache-tomcat-9.0.115-windows-x64\apache-tomcat-9.0.115\webapps\examples]
16-Feb-2026 23:24:27.939 INFO [main] org.apache.catalina.startup.HostConfig.deployDirectory Deployment of web application directory [D:\web-technology\ex-4\apache-tomcat-9.0.115-windows-x64\apache-tomcat-9.0.115\webapps\examples] has finished in [425] ms
16-Feb-2026 23:24:27.939 INFO [main] org.apache.catalina.startup.HostConfig.deployDirectory Deploying web application directory [D:\web-technology\ex-4\apache-tomcat-9.0.115-windows-x64\apache-tomcat-9.0.115\webapps\host-manager]
16-Feb-2026 23:24:28.000 INFO [main] org.apache.catalina.startup.HostConfig.deployDirectory Deployment of web application directory [D:\web-technology\ex-4\apache-tomcat-9.0.115-windows-x64\apache-tomcat-9.0.115\webapps\host-manager] has finished in [60] ms
16-Feb-2026 23:24:28.001 INFO [main] org.apache.catalina.startup.HostConfig.deployDirectory Deploying web application directory [D:\web-technology\ex-4\apache-tomcat-9.0.115-windows-x64\apache-tomcat-9.0.115\webapps\manager]
16-Feb-2026 23:24:28.043 INFO [main] org.apache.catalina.startup.HostConfig.deployDirectory Deployment of web application directory [D:\web-technology\ex-4\apache-tomcat-9.0.115-windows-x64\apache-tomcat-9.0.115\webapps\manager] has finished in [43] ms
16-Feb-2026 23:24:28.043 INFO [main] org.apache.catalina.startup.HostConfig.deployDirectory Deploying web application directory [D:\web-technology\ex-4\apache-tomcat-9.0.115-windows-x64\apache-tomcat-9.0.115\webapps\ROOT]
16-Feb-2026 23:24:28.078 INFO [main] org.apache.catalina.startup.HostConfig.deployDirectory Deployment of web application directory [D:\web-technology\ex-4\apache-tomcat-9.0.115-windows-x64\apache-tomcat-9.0.115\webapps\ROOT] has finished in [35] ms
16-Feb-2026 23:24:28.086 INFO [main] org.apache.coyote.AbstractProtocol.start Starting ProtocolHandler ["http-nio-8080"]
16-Feb-2026 23:24:28.113 INFO [main] org.apache.catalina.startup.Catalina.start Server startup in [1098] milliseconds
16-Feb-2026 23:25:30.954 INFO [main] org.apache.catalina.startup.VersionLoggerListener.log Server version name:   Apache Tomcat/9.0.115
16-Feb-2026 23:25:30.958 INFO [main] org.apache.catalina.startup.VersionLoggerListener.log Server built:          Jan 21 2026 08:17:26 UTC
16-Feb-2026 23:25:30.959 INFO [main] org.apache.catalina.startup.VersionLoggerListener.log Server version number: 9.0.115.0
16-Feb-2026 23:25:30.959 INFO [main] org.apache.catalina.startup.VersionLoggerListener.log OS Name:               Windows 11
16-Feb-2026 23:25:30.959 INFO [main] org.apache.catalina.startup.VersionLoggerListener.log OS Version:            10.0
16-Feb-2026 23:25:30.959 INFO [main] org.apache.catalina.startup.VersionLoggerListener.log Architecture:          amd64
16-Feb-2026 23:25:30.959 INFO [main] org.apache.catalina.startup.VersionLoggerListener.log Java Home:             C:\Program Files\Java\jdk-24
16-Feb-2026 23:25:30.960 INFO [main] org.apache.catalina.startup.VersionLoggerListener.log JVM Version:           24.0.1+9-30
16-Feb-2026 23:25:30.960 INFO [main] org.apache.catalina.startup.VersionLoggerListener.log JVM Vendor:            Oracle Corporation
16-Feb-2026 23:25:30.960 INFO [main] org.apache.catalina.startup.VersionLoggerListener.log CATALINA_BASE:         D:\web-technology\ex-4\apache-tomcat-9.0.115-windows-x64\apache-tomcat-9.0.115
16-Feb-2026 23:25:30.960 INFO [main] org.apache.catalina.startup.VersionLoggerListener.log CATALINA_HOME:         D:\web-technology\ex-4\apache-tomcat-9.0.115-windows-x64\apache-tomcat-9.0.115
16-Feb-2026 23:25:30.967 INFO [main] org.apache.catalina.startup.VersionLoggerListener.log Command line argument: --add-opens=java.base/java.lang=ALL-UNNAMED
16-Feb-2026 23:25:30.968 INFO [main] org.apache.catalina.startup.VersionLoggerListener.log Command line argument: --add-opens=java.base/java.lang.invoke=ALL-UNNAMED
16-Feb-2026 23:25:30.968 INFO [main] org.apache.catalina.startup.VersionLoggerListener.log Command line argument: --add-opens=java.base/java.lang.reflect=ALL-UNNAMED
16-Feb-2026 23:25:30.968 INFO [main] org.apache.catalina.startup.VersionLoggerListener.log Command line argument: --add-opens=java.base/java.io=ALL-UNNAMED
16-Feb-2026 23:25:30.968 INFO [main] org.apache.catalina.startup.VersionLoggerListener.log Command line argument: --add-opens=java.base/java.util=ALL-UNNAMED
16-Feb-2026 23:25:30.968 INFO [main] org.apache.catalina.startup.VersionLoggerListener.log Command line argument: --add-opens=java.base/java.util.concurrent=ALL-UNNAMED
16-Feb-2026 23:25:30.968 INFO [main] org.apache.catalina.startup.VersionLoggerListener.log Command line argument: --add-opens=java.rmi/sun.rmi.transport=ALL-UNNAMED
16-Feb-2026 23:25:30.968 INFO [main] org.apache.catalina.startup.VersionLoggerListener.log Command line argument: -Djava.util.logging.config.file=D:\web-technology\ex-4\apache-tomcat-9.0.115-windows-x64\apache-tomcat-9.0.115\conf\logging.properties
16-Feb-2026 23:25:30.969 INFO [main] org.apache.catalina.startup.VersionLoggerListener.log Command line argument: -Djava.util.logging.manager=org.apache.juli.ClassLoaderLogManager
16-Feb-2026 23:25:30.969 INFO [main] org.apache.catalina.startup.VersionLoggerListener.log Command line argument: -Djdk.tls.ephemeralDHKeySize=2048
16-Feb-2026 23:25:30.969 INFO [main] org.apache.catalina.startup.VersionLoggerListener.log Command line argument: -Djava.protocol.handler.pkgs=org.apache.catalina.webresources
16-Feb-2026 23:25:30.969 INFO [main] org.apache.catalina.startup.VersionLoggerListener.log Command line argument: -Dsun.io.useCanonCaches=false
16-Feb-2026 23:25:30.969 INFO [main] org.apache.catalina.startup.VersionLoggerListener.log Command line argument: -Dignore.endorsed.dirs=
16-Feb-2026 23:25:30.969 INFO [main] org.apache.catalina.startup.VersionLoggerListener.log Command line argument: -Dcatalina.base=D:\web-technology\ex-4\apache-tomcat-9.0.115-windows-x64\apache-tomcat-9.0.115
16-Feb-2026 23:25:30.969 INFO [main] org.apache.catalina.startup.VersionLoggerListener.log Command line argument: -Dcatalina.home=D:\web-technology\ex-4\apache-tomcat-9.0.115-windows-x64\apache-tomcat-9.0.115
16-Feb-2026 23:25:30.969 INFO [main] org.apache.catalina.startup.VersionLoggerListener.log Command line argument: -Djava.io.tmpdir=D:\web-technology\ex-4\apache-tomcat-9.0.115-windows-x64\apache-tomcat-9.0.115\temp
16-Feb-2026 23:25:30.975 INFO [main] org.apache.catalina.core.AprLifecycleListener.lifecycleEvent Loaded Apache Tomcat Native library [1.3.5] using APR version [1.7.6].
16-Feb-2026 23:25:30.976 INFO [main] org.apache.catalina.core.AprLifecycleListener.lifecycleEvent APR capabilities: IPv6 [true], sendfile [true], accept filters [false], random [true], UDS [true].
16-Feb-2026 23:25:30.976 INFO [main] org.apache.catalina.core.AprLifecycleListener.lifecycleEvent APR/OpenSSL configuration: useAprConnector [false], useOpenSSL [true]
16-Feb-2026 23:25:30.984 INFO [main] org.apache.catalina.core.AprLifecycleListener.initializeSSL OpenSSL successfully initialized [OpenSSL 3.0.18 30 Sep 2025]
16-Feb-2026 23:25:31.288 INFO [main] org.apache.coyote.AbstractProtocol.init Initializing ProtocolHandler ["http-nio-8080"]
16-Feb-2026 23:25:31.310 INFO [main] org.apache.catalina.startup.Catalina.load Server initialization in [563] milliseconds
16-Feb-2026 23:25:31.363 INFO [main] org.apache.catalina.core.StandardService.startInternal Starting service [Catalina]
16-Feb-2026 23:25:31.364 INFO [main] org.apache.catalina.core.StandardEngine.startInternal Starting Servlet engine: [Apache Tomcat/9.0.115]
16-Feb-2026 23:25:31.372 INFO [main] org.apache.catalina.startup.HostConfig.deployDirectory Deploying web application directory [D:\web-technology\ex-4\apache-tomcat-9.0.115-windows-x64\apache-tomcat-9.0.115\webapps\docs]
16-Feb-2026 23:25:31.733 INFO [main] org.apache.catalina.startup.HostConfig.deployDirectory Deployment of web application directory [D:\web-technology\ex-4\apache-tomcat-9.0.115-windows-x64\apache-tomcat-9.0.115\webapps\docs] has finished in [361] ms
16-Feb-2026 23:25:31.733 INFO [main] org.apache.catalina.startup.HostConfig.deployDirectory Deploying web application directory [D:\web-technology\ex-4\apache-tomcat-9.0.115-windows-x64\apache-tomcat-9.0.115\webapps\EventRegistration]
16-Feb-2026 23:25:31.811 INFO [main] org.apache.catalina.startup.HostConfig.deployDirectory Deployment of web application directory [D:\web-technology\ex-4\apache-tomcat-9.0.115-windows-x64\apache-tomcat-9.0.115\webapps\EventRegistration] has finished in [78] ms
16-Feb-2026 23:25:31.811 INFO [main] org.apache.catalina.startup.HostConfig.deployDirectory Deploying web application directory [D:\web-technology\ex-4\apache-tomcat-9.0.115-windows-x64\apache-tomcat-9.0.115\webapps\examples]
16-Feb-2026 23:25:32.237 INFO [main] org.apache.catalina.startup.HostConfig.deployDirectory Deployment of web application directory [D:\web-technology\ex-4\apache-tomcat-9.0.115-windows-x64\apache-tomcat-9.0.115\webapps\examples] has finished in [426] ms
16-Feb-2026 23:25:32.238 INFO [main] org.apache.catalina.startup.HostConfig.deployDirectory Deploying web application directory [D:\web-technology\ex-4\apache-tomcat-9.0.115-windows-x64\apache-tomcat-9.0.115\webapps\host-manager]
16-Feb-2026 23:25:32.276 INFO [main] org.apache.catalina.startup.HostConfig.deployDirectory Deployment of web application directory [D:\web-technology\ex-4\apache-tomcat-9.0.115-windows-x64\apache-tomcat-9.0.115\webapps\host-manager] has finished in [39] ms
16-Feb-2026 23:25:32.276 INFO [main] org.apache.catalina.startup.HostConfig.deployDirectory Deploying web application directory [D:\web-technology\ex-4\apache-tomcat-9.0.115-windows-x64\apache-tomcat-9.0.115\webapps\manager]
16-Feb-2026 23:25:32.313 INFO [main] org.apache.catalina.startup.HostConfig.deployDirectory Deployment of web application directory [D:\web-technology\ex-4\apache-tomcat-9.0.115-windows-x64\apache-tomcat-9.0.115\webapps\manager] has finished in [36] ms
16-Feb-2026 23:25:32.313 INFO [main] org.apache.catalina.startup.HostConfig.deployDirectory Deploying web application directory [D:\web-technology\ex-4\apache-tomcat-9.0.115-windows-x64\apache-tomcat-9.0.115\webapps\ROOT]
16-Feb-2026 23:25:32.344 INFO [main] org.apache.catalina.startup.HostConfig.deployDirectory Deployment of web application directory [D:\web-technology\ex-4\apache-tomcat-9.0.115-windows-x64\apache-tomcat-9.0.115\webapps\ROOT] has finished in [31] ms
16-Feb-2026 23:25:32.349 INFO [main] org.apache.coyote.AbstractProtocol.start Starting ProtocolHandler ["http-nio-8080"]
16-Feb-2026 23:25:32.387 INFO [main] org.apache.catalina.startup.Catalina.start Server startup in [1075] milliseconds
16-Feb-2026 23:27:48.809 INFO [Thread-1] org.apache.coyote.AbstractProtocol.pause Pausing ProtocolHandler ["http-nio-8080"]
16-Feb-2026 23:27:48.817 INFO [Thread-1] org.apache.catalina.core.StandardService.stopInternal Stopping service [Catalina]
16-Feb-2026 23:27:48.837 INFO [Thread-1] org.apache.coyote.AbstractProtocol.stop Stopping ProtocolHandler ["http-nio-8080"]
16-Feb-2026 23:27:48.840 INFO [Thread-1] org.apache.coyote.AbstractProtocol.destroy Destroying ProtocolHandler ["http-nio-8080"]
